#
# A fatal error has been detected by the Java Runtime Environment:
#
#  SIGBUS (0x7) at pc=0x00007fa3668d6a32, pid=26350, tid=0x00007fa304e50700
#
# JRE version: Java(TM) SE Runtime Environment (8.0_111-b14) (build 1.8.0_111-b14)
# Java VM: Java HotSpot(TM) 64-Bit Server VM (25.111-b14 mixed mode linux-amd64 compressed oops)
# Problematic frame:
# C  [libzip.so+0x11a32]  newEntry+0x62
#
# Failed to write core dump. Core dumps have been disabled. To enable core dumping, try "ulimit -c unlimited" before starting Java again
#
# If you would like to submit a bug report, please visit:
#   http://bugreport.java.com/bugreport/crash.jsp
# The crash happened outside the Java Virtual Machine in native code.
# See problematic frame for where to report the bug.
#

---------------  T H R E A D  ---------------

Current thread (0x00007fa2f83e5000):  JavaThread "MVStore background writer nio:/home/azzuwan/store.mv.db" daemon [_thread_in_native, id=26373, stack(0x00007fa304d50000,0x00007fa304e51000)]

siginfo: si_signo: 7 (SIGBUS), si_code: 2 (BUS_ADRERR), si_addr: 0x00007fa34b0daa69

Registers:
RAX=0x00007fa2f0002c60, RBX=0x00007fa3601dd240, RCX=0x00007fa2f0000020, RDX=0x00007fa2f0002c60
RSP=0x00007fa304e4cda0, RBP=0x00007fa304e4cdf0, RSI=0x0000000020000004, RDI=0x0000000000000000
R8 =0x00000000000001d0, R9 =0x0000000000000051, R10=0x00007fa3511dd018, R11=0x00007fa368dc1b80
R12=0x00007fa34b0daa4c, R13=0x00007fa2f0002c60, R14=0x0000000035af0afc, R15=0x00007fa36018e660
RIP=0x00007fa3668d6a32, EFLAGS=0x0000000000010202, CSGSFS=0x0000000000000033, ERR=0x0000000000000004
  TRAPNO=0x000000000000000e

Top of Stack: (sp=0x00007fa304e4cda0)
0x00007fa304e4cda0:   00007fa304e4ce50 00007fa300000000
0x00007fa304e4cdb0:   00000007c00007a8 00007fa368543b4e
0x00007fa304e4cdc0:   00007fa2f0002c60 00007fa3601dd240
0x00007fa304e4cdd0:   00007fa2f00012e0 00007fa36018e660
0x00007fa304e4cde0:   0000000035af0afc 0000000000000026
0x00007fa304e4cdf0:   00007fa304e4ce50 00007fa3668d718f
0x00007fa304e4ce00:   00007fa2f83e5000 01007fa304e4d5d0
0x00007fa304e4ce10:   00007fa304e4ce70 00007fa304e4ce97
0x00007fa304e4ce20:   00007fa304e4ce95 00007fa304e4ce70
0x00007fa304e4ce30:   0000000000000026 00007fa2f83e51f8
0x00007fa304e4ce40:   00007fa304e4d2c8 0000000000000001
0x00007fa304e4ce50:   00007fa304e4d2b0 00007fa3668c8ec0
0x00007fa304e4ce60:   00007fa304e4f270 00007fa36018e660
0x00007fa304e4ce70:   6d2f32682f67726f 502f65726f747376
0x00007fa304e4ce80:   6567615024656761 6e6572646c696843
0x00007fa304e4ce90:   00007373616c632e 00007fa2f83e40c8
0x00007fa304e4cea0:   00007fa304e4f2c8 00007fa304e4f2cc
0x00007fa304e4ceb0:   00007fa304e4f2c0 00007fa304e4f2c4
0x00007fa304e4cec0:   00007fa304e4f2b8 00007fa304e4f2bc
0x00007fa304e4ced0:   00007fa304e4f2b0 00007fa304e4f2b4
0x00007fa304e4cee0:   00007fa304e4f230 00007fa304e4f234
0x00007fa304e4cef0:   00007fa304e4f2e0 00007fa368cc766e
0x00007fa304e4cf00:   00007fa304e4d4b0 00007fa304e4d4a0
0x00007fa304e4cf10:   00007fa36878d372 00007fa304e4d640
0x00007fa304e4cf20:   0000000000000000 00007fa368c9c07d
0x00007fa304e4cf30:   00007fa304e4f280 00007fa304e4f284
0x00007fa304e4cf40:   00007fa304e4f278 00007fa304e4d018
0x00007fa304e4cf50:   00007fa304e4d008 00007fa300000000
0x00007fa304e4cf60:   0000005800000000 00007fa304e4d020
0x00007fa304e4cf70:   00007fa300000000 00007fa304e4f264
0x00007fa304e4cf80:   0000000000000000 00007fa304e4f220
0x00007fa304e4cf90:   00007fa300000000 00007fa300000000 

Instructions: (pc=0x00007fa3668d6a32)
0x00007fa3668d6a12:   00 48 c7 40 28 00 00 00 00 41 80 7f 30 00 0f 84
0x00007fa3668d6a22:   8a 02 00 00 4c 8b 63 08 4d 2b 67 28 4d 03 67 18
0x00007fa3668d6a32:   41 0f b6 5c 24 1d 41 0f b6 44 24 1c c1 e3 08 09
0x00007fa3668d6a42:   c3 41 0f b6 44 24 1e 88 45 bd 41 0f b6 54 24 20 

Register to memory mapping:

RAX=0x00007fa2f0002c60 is an unknown value
RBX=0x00007fa3601dd240 is an unknown value
RCX=0x00007fa2f0000020 is an unknown value
RDX=0x00007fa2f0002c60 is an unknown value
RSP=0x00007fa304e4cda0 is pointing into the stack for thread: 0x00007fa2f83e5000
RBP=0x00007fa304e4cdf0 is pointing into the stack for thread: 0x00007fa2f83e5000
RSI=0x0000000020000004 is an unknown value
RDI=0x0000000000000000 is an unknown value
R8 =0x00000000000001d0 is an unknown value
R9 =0x0000000000000051 is an unknown value
R10=0x00007fa3511dd018 is at entry_point+88 in (nmethod*)0x00007fa3511dce50
R11=0x00007fa368dc1b80: <offset 0x16cb80> in /lib/x86_64-linux-gnu/libc.so.6 at 0x00007fa368c55000
R12=0x00007fa34b0daa4c is an unknown value
R13=0x00007fa2f0002c60 is an unknown value
R14=0x0000000035af0afc is an unknown value
R15=0x00007fa36018e660 is an unknown value


Stack: [0x00007fa304d50000,0x00007fa304e51000],  sp=0x00007fa304e4cda0,  free space=1011k
Native frames: (J=compiled Java code, j=interpreted, Vv=VM code, C=native code)
C  [libzip.so+0x11a32]  newEntry+0x62
C  [libzip.so+0x1218f]  ZIP_GetEntry2+0xff
C  [libzip.so+0x3ec0]  Java_java_util_zip_ZipFile_getEntry+0xf0
J 388  java.util.zip.ZipFile.getEntry(J[BZ)J (0 bytes) @ 0x00007fa3511dd08e [0x00007fa3511dcfc0+0xce]
J 435 C1 java.util.zip.ZipFile.getEntry(Ljava/lang/String;)Ljava/util/zip/ZipEntry; (86 bytes) @ 0x00007fa3511f990c [0x00007fa3511f96a0+0x26c]
J 474 C1 java.util.jar.JarFile.getEntry(Ljava/lang/String;)Ljava/util/zip/ZipEntry; (22 bytes) @ 0x00007fa351213224 [0x00007fa3512131a0+0x84]
J 686 C2 sun.misc.URLClassPath$JarLoader.getResource(Ljava/lang/String;Z)Lsun/misc/Resource; (85 bytes) @ 0x00007fa3512c7b70 [0x00007fa3512c7a40+0x130]
J 391 C1 sun.misc.URLClassPath.getResource(Ljava/lang/String;Z)Lsun/misc/Resource; (83 bytes) @ 0x00007fa3511e022c [0x00007fa3511e00c0+0x16c]
J 473 C1 java.net.URLClassLoader$1.run()Ljava/lang/Class; (63 bytes) @ 0x00007fa351212a2c [0x00007fa351212820+0x20c]
J 449 C1 java.net.URLClassLoader$1.run()Ljava/lang/Object; (5 bytes) @ 0x00007fa35120100c [0x00007fa351200f80+0x8c]
v  ~StubRoutines::call_stub
V  [libjvm.so+0x690206]  JavaCalls::call_helper(JavaValue*, methodHandle*, JavaCallArguments*, Thread*)+0x1056
V  [libjvm.so+0x728e4c]  JVM_DoPrivileged+0x27c
J 472  java.security.AccessController.doPrivileged(Ljava/security/PrivilegedExceptionAction;Ljava/security/AccessControlContext;)Ljava/lang/Object; (0 bytes) @ 0x00007fa351209315 [0x00007fa351209240+0xd5]
J 448 C1 java.net.URLClassLoader.findClass(Ljava/lang/String;)Ljava/lang/Class; (47 bytes) @ 0x00007fa3511fe394 [0x00007fa3511fe200+0x194]
J 507 C1 java.lang.ClassLoader.loadClass(Ljava/lang/String;Z)Ljava/lang/Class; (122 bytes) @ 0x00007fa35123fd0c [0x00007fa35123f340+0x9cc]
J 530 C1 sun.misc.Launcher$AppClassLoader.loadClass(Ljava/lang/String;Z)Ljava/lang/Class; (85 bytes) @ 0x00007fa35124f6a4 [0x00007fa35124ed00+0x9a4]
J 279 C1 java.lang.ClassLoader.loadClass(Ljava/lang/String;)Ljava/lang/Class; (7 bytes) @ 0x00007fa351191044 [0x00007fa351190f40+0x104]
v  ~StubRoutines::call_stub
V  [libjvm.so+0x690206]  JavaCalls::call_helper(JavaValue*, methodHandle*, JavaCallArguments*, Thread*)+0x1056
V  [libjvm.so+0x690711]  JavaCalls::call_virtual(JavaValue*, KlassHandle, Symbol*, Symbol*, JavaCallArguments*, Thread*)+0x321
V  [libjvm.so+0x690b66]  JavaCalls::call_virtual(JavaValue*, Handle, KlassHandle, Symbol*, Symbol*, Handle, Thread*)+0x56
V  [libjvm.so+0xa3b510]  SystemDictionary::load_instance_class(Symbol*, Handle, Thread*)+0x3f0
V  [libjvm.so+0xa3a45c]  SystemDictionary::resolve_instance_class_or_null(Symbol*, Handle, Handle, Thread*)+0x7cc
V  [libjvm.so+0xa3b933]  SystemDictionary::resolve_or_fail(Symbol*, Handle, Handle, bool, Thread*)+0x33
V  [libjvm.so+0x4f3448]  ConstantPool::klass_at_impl(constantPoolHandle, int, Thread*)+0x158
V  [libjvm.so+0x684761]  InterpreterRuntime::_new(JavaThread*, ConstantPool*, int)+0x71
j  org.h2.mvstore.MVStore.readPageChunkReferences(IJI)Lorg/h2/mvstore/Page$PageChildren;+65
J 1988 C1 org.h2.mvstore.MVStore.collectReferencedChunks(Ljava/util/Set;IJI)V (262 bytes) @ 0x00007fa3515e0e1c [0x00007fa3515e09c0+0x45c]
J 2533 C1 org.h2.mvstore.MVStore.collectReferencedChunks()Ljava/util/Set; (171 bytes) @ 0x00007fa3517a37a4 [0x00007fa3517a2900+0xea4]
J 2538 C1 org.h2.mvstore.MVStore.freeUnusedChunks()V (247 bytes) @ 0x00007fa3517a8db4 [0x00007fa3517a8be0+0x1d4]
J 2506 C1 org.h2.mvstore.MVStore.compactRewrite(Ljava/util/ArrayList;)V (117 bytes) @ 0x00007fa351792c74 [0x00007fa3517919a0+0x12d4]
J 2540 C1 org.h2.mvstore.MVStore.compact(II)Z (81 bytes) @ 0x00007fa3517a5f9c [0x00007fa3517a5b60+0x43c]
J 2508 C1 org.h2.mvstore.MVStore.writeInBackground()V (177 bytes) @ 0x00007fa3517945e4 [0x00007fa3517940c0+0x524]
j  org.h2.mvstore.MVStore$BackgroundWriterThread.run()V+59
v  ~StubRoutines::call_stub
V  [libjvm.so+0x690206]  JavaCalls::call_helper(JavaValue*, methodHandle*, JavaCallArguments*, Thread*)+0x1056
V  [libjvm.so+0x690711]  JavaCalls::call_virtual(JavaValue*, KlassHandle, Symbol*, Symbol*, JavaCallArguments*, Thread*)+0x321
V  [libjvm.so+0x690bb7]  JavaCalls::call_virtual(JavaValue*, Handle, KlassHandle, Symbol*, Symbol*, Thread*)+0x47
V  [libjvm.so+0x7278f0]  thread_entry(JavaThread*, Thread*)+0xa0
V  [libjvm.so+0xa742b3]  JavaThread::thread_main_inner()+0x103
V  [libjvm.so+0xa743fc]  JavaThread::run()+0x11c
V  [libjvm.so+0x924ea8]  java_start(Thread*)+0x108
C  [libpthread.so.0+0x7464]  start_thread+0xc4

Java frames: (J=compiled Java code, j=interpreted, Vv=VM code)
J 388  java.util.zip.ZipFile.getEntry(J[BZ)J (0 bytes) @ 0x00007fa3511dd018 [0x00007fa3511dcfc0+0x58]
J 435 C1 java.util.zip.ZipFile.getEntry(Ljava/lang/String;)Ljava/util/zip/ZipEntry; (86 bytes) @ 0x00007fa3511f990c [0x00007fa3511f96a0+0x26c]
J 474 C1 java.util.jar.JarFile.getEntry(Ljava/lang/String;)Ljava/util/zip/ZipEntry; (22 bytes) @ 0x00007fa351213224 [0x00007fa3512131a0+0x84]
J 686 C2 sun.misc.URLClassPath$JarLoader.getResource(Ljava/lang/String;Z)Lsun/misc/Resource; (85 bytes) @ 0x00007fa3512c7b70 [0x00007fa3512c7a40+0x130]
J 391 C1 sun.misc.URLClassPath.getResource(Ljava/lang/String;Z)Lsun/misc/Resource; (83 bytes) @ 0x00007fa3511e022c [0x00007fa3511e00c0+0x16c]
J 473 C1 java.net.URLClassLoader$1.run()Ljava/lang/Class; (63 bytes) @ 0x00007fa351212a2c [0x00007fa351212820+0x20c]
J 449 C1 java.net.URLClassLoader$1.run()Ljava/lang/Object; (5 bytes) @ 0x00007fa35120100c [0x00007fa351200f80+0x8c]
v  ~StubRoutines::call_stub
J 472  java.security.AccessController.doPrivileged(Ljava/security/PrivilegedExceptionAction;Ljava/security/AccessControlContext;)Ljava/lang/Object; (0 bytes) @ 0x00007fa3512092a3 [0x00007fa351209240+0x63]
J 448 C1 java.net.URLClassLoader.findClass(Ljava/lang/String;)Ljava/lang/Class; (47 bytes) @ 0x00007fa3511fe394 [0x00007fa3511fe200+0x194]
J 507 C1 java.lang.ClassLoader.loadClass(Ljava/lang/String;Z)Ljava/lang/Class; (122 bytes) @ 0x00007fa35123fd0c [0x00007fa35123f340+0x9cc]
J 530 C1 sun.misc.Launcher$AppClassLoader.loadClass(Ljava/lang/String;Z)Ljava/lang/Class; (85 bytes) @ 0x00007fa35124f6a4 [0x00007fa35124ed00+0x9a4]
J 279 C1 java.lang.ClassLoader.loadClass(Ljava/lang/String;)Ljava/lang/Class; (7 bytes) @ 0x00007fa351191044 [0x00007fa351190f40+0x104]
v  ~StubRoutines::call_stub
j  org.h2.mvstore.MVStore.readPageChunkReferences(IJI)Lorg/h2/mvstore/Page$PageChildren;+65
J 1988 C1 org.h2.mvstore.MVStore.collectReferencedChunks(Ljava/util/Set;IJI)V (262 bytes) @ 0x00007fa3515e0e1c [0x00007fa3515e09c0+0x45c]
J 2533 C1 org.h2.mvstore.MVStore.collectReferencedChunks()Ljava/util/Set; (171 bytes) @ 0x00007fa3517a37a4 [0x00007fa3517a2900+0xea4]
J 2538 C1 org.h2.mvstore.MVStore.freeUnusedChunks()V (247 bytes) @ 0x00007fa3517a8db4 [0x00007fa3517a8be0+0x1d4]
J 2506 C1 org.h2.mvstore.MVStore.compactRewrite(Ljava/util/ArrayList;)V (117 bytes) @ 0x00007fa351792c74 [0x00007fa3517919a0+0x12d4]
J 2540 C1 org.h2.mvstore.MVStore.compact(II)Z (81 bytes) @ 0x00007fa3517a5f9c [0x00007fa3517a5b60+0x43c]
J 2508 C1 org.h2.mvstore.MVStore.writeInBackground()V (177 bytes) @ 0x00007fa3517945e4 [0x00007fa3517940c0+0x524]
j  org.h2.mvstore.MVStore$BackgroundWriterThread.run()V+59
v  ~StubRoutines::call_stub

---------------  P R O C E S S  ---------------

Java Threads: ( => current thread )
  0x00007fa2f864d800 JavaThread "Prism Font Disposer" daemon [_thread_blocked, id=26374, stack(0x00007fa305051000,0x00007fa305152000)]
=>0x00007fa2f83e5000 JavaThread "MVStore background writer nio:/home/azzuwan/store.mv.db" daemon [_thread_in_native, id=26373, stack(0x00007fa304d50000,0x00007fa304e51000)]
  0x00007fa3603ea000 JavaThread "JavaFX-Launcher" [_thread_blocked, id=26371, stack(0x00007fa30557a000,0x00007fa30567b000)]
  0x00007fa3603e7000 JavaThread "JavaFX Application Thread" [_thread_in_native, id=26370, stack(0x00007fa32c0a8000,0x00007fa32c1a9000)]
  0x00007fa3603e2800 JavaThread "Thread-1" daemon [_thread_blocked, id=26369, stack(0x00007fa3400c7000,0x00007fa3401c8000)]
  0x00007fa360397000 JavaThread "QuantumRenderer-0" daemon [_thread_blocked, id=26368, stack(0x00007fa34af7e000,0x00007fa34b07f000)]
  0x00007fa360187000 JavaThread "Service Thread" daemon [_thread_blocked, id=26366, stack(0x00007fa34b760000,0x00007fa34b861000)]
  0x00007fa360184000 JavaThread "C1 CompilerThread2" daemon [_thread_blocked, id=26365, stack(0x00007fa34b861000,0x00007fa34b962000)]
  0x00007fa360182000 JavaThread "C2 CompilerThread1" daemon [_thread_blocked, id=26364, stack(0x00007fa34b962000,0x00007fa34ba63000)]
  0x00007fa36017f000 JavaThread "C2 CompilerThread0" daemon [_thread_blocked, id=26363, stack(0x00007fa34ba63000,0x00007fa34bb64000)]
  0x00007fa36017d800 JavaThread "Signal Dispatcher" daemon [_thread_blocked, id=26362, stack(0x00007fa34bb64000,0x00007fa34bc65000)]
  0x00007fa36014b000 JavaThread "Finalizer" daemon [_thread_blocked, id=26361, stack(0x00007fa34bdfe000,0x00007fa34beff000)]
  0x00007fa360146800 JavaThread "Reference Handler" daemon [_thread_blocked, id=26360, stack(0x00007fa34beff000,0x00007fa34c000000)]
  0x00007fa360009800 JavaThread "main" [_thread_blocked, id=26351, stack(0x00007fa369717000,0x00007fa369818000)]

Other Threads:
  0x00007fa36013e800 VMThread [stack: 0x00007fa3500f1000,0x00007fa3501f2000] [id=26359]
  0x00007fa36018a000 WatcherThread [stack: 0x00007fa34b65f000,0x00007fa34b760000] [id=26367]

VM state:not at safepoint (normal execution)

VM Mutex/Monitor currently owned by a thread: None

Heap:
 PSYoungGen      total 74752K, used 26337K [0x000000076d200000, 0x0000000772500000, 0x00000007c0000000)
  eden space 64512K, 25% used [0x000000076d200000,0x000000076e219c60,0x0000000771100000)
  from space 10240K, 96% used [0x0000000771100000,0x0000000771a9e928,0x0000000771b00000)
  to   space 10240K, 0% used [0x0000000771b00000,0x0000000771b00000,0x0000000772500000)
 ParOldGen       total 171008K, used 24K [0x00000006c7600000, 0x00000006d1d00000, 0x000000076d200000)
  object space 171008K, 0% used [0x00000006c7600000,0x00000006c7606000,0x00000006d1d00000)
 Metaspace       used 19804K, capacity 21034K, committed 21248K, reserved 1067008K
  class space    used 2825K, capacity 3049K, committed 3072K, reserved 1048576K

Card table byte_map: [0x00007fa365d3f000,0x00007fa366505000] byte_map_base: 0x00007fa362704000

Marking Bits: (ParMarkBitMap*) 0x00007fa368c28220
 Begin Bits: [0x00007fa32c3b0000, 0x00007fa3301d8000)
 End Bits:   [0x00007fa3301d8000, 0x00007fa334000000)

Polling page: 0x00007fa36984d000

CodeCache: size=245760Kb used=8170Kb max_used=8182Kb free=237589Kb
 bounds [0x00007fa351000000, 0x00007fa351810000, 0x00007fa360000000]
 total_blobs=3300 nmethods=2604 adapters=608
 compilation: enabled

Compilation events (10 events):
Event: 91.583 Thread 0x00007fa360184000 2600       3       org.h2.mvstore.ConcurrentArrayList::peekFirst (18 bytes)
Event: 91.583 Thread 0x00007fa360184000 nmethod 2600 0x00007fa3517cf0d0 code [0x00007fa3517cf240, 0x00007fa3517cf430]
Event: 92.586 Thread 0x00007fa360184000 2601       1       org.h2.mvstore.MVMap::getValueType (5 bytes)
Event: 92.586 Thread 0x00007fa360184000 nmethod 2601 0x00007fa3517cce50 code [0x00007fa3517ccfa0, 0x00007fa3517cd0b0]
Event: 92.586 Thread 0x00007fa360184000 2602       3       org.h2.mvstore.MVMap::get (10 bytes)
Event: 92.586 Thread 0x00007fa360184000 nmethod 2602 0x00007fa3517c7dd0 code [0x00007fa3517c7f40, 0x00007fa3517c80c8]
Event: 93.088 Thread 0x00007fa360184000 2603       3       java.lang.Math::min (12 bytes)
Event: 93.088 Thread 0x00007fa360184000 nmethod 2603 0x00007fa3517ced50 code [0x00007fa3517ceec0, 0x00007fa3517cf050]
Event: 93.590 Thread 0x00007fa360184000 2604       3       java.nio.HeapByteBuffer::_put (8 bytes)
Event: 93.590 Thread 0x00007fa360184000 nmethod 2604 0x00007fa3517ce990 code [0x00007fa3517ceb00, 0x00007fa3517cec70]

GC Heap History (2 events):
Event: 47.259 GC heap before
{Heap before GC invocations=1 (full 0):
 PSYoungGen      total 74752K, used 64512K [0x000000076d200000, 0x0000000772500000, 0x00000007c0000000)
  eden space 64512K, 100% used [0x000000076d200000,0x0000000771100000,0x0000000771100000)
  from space 10240K, 0% used [0x0000000771b00000,0x0000000771b00000,0x0000000772500000)
  to   space 10240K, 0% used [0x0000000771100000,0x0000000771100000,0x0000000771b00000)
 ParOldGen       total 171008K, used 0K [0x00000006c7600000, 0x00000006d1d00000, 0x000000076d200000)
  object space 171008K, 0% used [0x00000006c7600000,0x00000006c7600000,0x00000006d1d00000)
 Metaspace       used 19792K, capacity 20970K, committed 21248K, reserved 1067008K
  class space    used 2825K, capacity 3049K, committed 3072K, reserved 1048576K
Event: 47.272 GC heap after
Heap after GC invocations=1 (full 0):
 PSYoungGen      total 74752K, used 9850K [0x000000076d200000, 0x0000000772500000, 0x00000007c0000000)
  eden space 64512K, 0% used [0x000000076d200000,0x000000076d200000,0x0000000771100000)
  from space 10240K, 96% used [0x0000000771100000,0x0000000771a9e928,0x0000000771b00000)
  to   space 10240K, 0% used [0x0000000771b00000,0x0000000771b00000,0x0000000772500000)
 ParOldGen       total 171008K, used 24K [0x00000006c7600000, 0x00000006d1d00000, 0x000000076d200000)
  object space 171008K, 0% used [0x00000006c7600000,0x00000006c7606000,0x00000006d1d00000)
 Metaspace       used 19792K, capacity 20970K, committed 21248K, reserved 1067008K
  class space    used 2825K, capacity 3049K, committed 3072K, reserved 1048576K
}

Deoptimization events (10 events):
Event: 9.420 Thread 0x00007fa3603e7000 Uncommon trap: reason=class_check action=maybe_recompile pc=0x00007fa3515a0ccc method=java.util.WeakHashMap.eq(Ljava/lang/Object;Ljava/lang/Object;)Z @ 7
Event: 10.167 Thread 0x00007fa3603e7000 Uncommon trap: reason=unstable_if action=reinterpret pc=0x00007fa35166d2e4 method=javafx.scene.Node.impl_intersectsBounds(Lcom/sun/javafx/geom/PickRay;)D @ 902
Event: 24.093 Thread 0x00007fa2f83e5000 Uncommon trap: reason=unstable_if action=reinterpret pc=0x00007fa351719694 method=java.lang.Long.valueOf(J)Ljava/lang/Long; @ 13
Event: 47.278 Thread 0x00007fa36014b000 Uncommon trap: reason=unstable_if action=reinterpret pc=0x00007fa3513d61bc method=java.lang.ref.ReferenceQueue.poll()Ljava/lang/ref/Reference; @ 4
Event: 93.589 Thread 0x00007fa2f83e5000 Uncommon trap: reason=unstable_if action=reinterpret pc=0x00007fa3517eaba8 method=org.h2.mvstore.MVStore.getChunkForVersion(J)Lorg/h2/mvstore/Chunk; @ 61
Event: 93.589 Thread 0x00007fa2f83e5000 Uncommon trap: reason=unstable_if action=reinterpret pc=0x00007fa3517c18f8 method=org.h2.mvstore.cache.CacheLongKeyLIRS$Segment.find(JI)Lorg/h2/mvstore/cache/CacheLongKeyLIRS$Entry; @ 29
Event: 93.589 Thread 0x00007fa2f83e5000 Uncommon trap: reason=unstable_if action=reinterpret pc=0x00007fa3517d60f0 method=org.h2.mvstore.MVStore.getChunkForVersion(J)Lorg/h2/mvstore/Chunk; @ 61
Event: 93.589 Thread 0x00007fa2f83e5000 Uncommon trap: reason=unstable_if action=reinterpret pc=0x00007fa3517c5e94 method=org.h2.mvstore.MVStore.getChunkForVersion(J)Lorg/h2/mvstore/Chunk; @ 61
Event: 93.589 Thread 0x00007fa2f83e5000 Uncommon trap: reason=unstable_if action=reinterpret pc=0x00007fa3517a0584 method=org.h2.mvstore.Page.create(Lorg/h2/mvstore/MVMap;J[Ljava/lang/Object;[Ljava/lang/Object;[Lorg/h2/mvstore/Page$PageReference;JI)Lorg/h2/mvstore/Page; @ 40
Event: 94.091 Thread 0x00007fa2f83e5000 Uncommon trap: reason=unstable_if action=reinterpret pc=0x00007fa3517cff44 method=org.h2.mvstore.Page.isLeaf()Z @ 4

Internal exceptions (10 events):
Event: 0.122 Thread 0x00007fa360009800 Exception <a 'java/lang/NoSuchFieldError': method resolution failed> (0x000000076d4ecfa8) thrown at [/HUDSON3/workspace/8-2-build-linux-amd64/jdk8u111/7883/hotspot/src/share/vm/prims/methodHandles.cpp, line 1146]
Event: 0.124 Thread 0x00007fa360009800 Exception <a 'java/lang/NoSuchFieldError': method resolution failed> (0x000000076d4fa328) thrown at [/HUDSON3/workspace/8-2-build-linux-amd64/jdk8u111/7883/hotspot/src/share/vm/prims/methodHandles.cpp, line 1146]
Event: 0.145 Thread 0x00007fa360009800 Exception <a 'java/security/PrivilegedActionException'> (0x000000076d5839f8) thrown at [/HUDSON3/workspace/8-2-build-linux-amd64/jdk8u111/7883/hotspot/src/share/vm/prims/jvm.cpp, line 1386]
Event: 0.145 Thread 0x00007fa360009800 Exception <a 'java/security/PrivilegedActionException'> (0x000000076d583c08) thrown at [/HUDSON3/workspace/8-2-build-linux-amd64/jdk8u111/7883/hotspot/src/share/vm/prims/jvm.cpp, line 1386]
Event: 0.146 Thread 0x00007fa360009800 Exception <a 'java/security/PrivilegedActionException'> (0x000000076d586048) thrown at [/HUDSON3/workspace/8-2-build-linux-amd64/jdk8u111/7883/hotspot/src/share/vm/prims/jvm.cpp, line 1386]
Event: 0.146 Thread 0x00007fa360009800 Exception <a 'java/security/PrivilegedActionException'> (0x000000076d586258) thrown at [/HUDSON3/workspace/8-2-build-linux-amd64/jdk8u111/7883/hotspot/src/share/vm/prims/jvm.cpp, line 1386]
Event: 0.146 Thread 0x00007fa360009800 Exception <a 'java/lang/NullPointerException'> (0x000000076d586830) thrown at [/HUDSON3/workspace/8-2-build-linux-amd64/jdk8u111/7883/hotspot/src/share/vm/interpreter/linkResolver.cpp, line 1178]
Event: 0.379 Thread 0x00007fa3603e7000 Exception <a 'java/lang/NullPointerException'> (0x000000076df0e698) thrown at [/HUDSON3/workspace/8-2-build-linux-amd64/jdk8u111/7883/hotspot/src/share/vm/interpreter/linkResolver.cpp, line 1178]
Event: 0.379 Thread 0x00007fa3603e7000 Exception <a 'java/lang/NullPointerException'> (0x000000076df0e698) thrown at [/HUDSON3/workspace/8-2-build-linux-amd64/jdk8u111/7883/hotspot/src/share/vm/prims/jvm.cpp, line 1390]
Event: 0.402 Thread 0x00007fa3603e7000 Implicit null exception at 0x00007fa3512086f6 to 0x00007fa351208abd

Events (10 events):
Event: 93.589 Thread 0x00007fa2f83e5000 DEOPT PACKING pc=0x00007fa3517c5e94 sp=0x00007fa304e4f200
Event: 93.589 Thread 0x00007fa2f83e5000 DEOPT UNPACKING pc=0x00007fa351005229 sp=0x00007fa304e4f1d0 mode 2
Event: 93.589 Thread 0x00007fa2f83e5000 Uncommon trap: trap_request=0xffffff65 fr.pc=0x00007fa3517a0584
Event: 93.589 Thread 0x00007fa2f83e5000 DEOPT PACKING pc=0x00007fa3517a0584 sp=0x00007fa304e4f050
Event: 93.589 Thread 0x00007fa2f83e5000 DEOPT UNPACKING pc=0x00007fa351005229 sp=0x00007fa304e4f028 mode 2
Event: 94.091 Thread 0x00007fa2f83e5000 Uncommon trap: trap_request=0xffffff65 fr.pc=0x00007fa3517cff44
Event: 94.091 Thread 0x00007fa2f83e5000 DEOPT PACKING pc=0x00007fa3517cff44 sp=0x00007fa304e4f2b0
Event: 94.091 Thread 0x00007fa2f83e5000 DEOPT UNPACKING pc=0x00007fa351005229 sp=0x00007fa304e4f1b8 mode 2
Event: 94.091 loading class org/h2/mvstore/Page$PageChildren
Event: 94.091 loading class org/h2/mvstore/Page$PageChildren done


Dynamic libraries:
00400000-00401000 r-xp 00000000 08:14 10096191                           /usr/lib/jvm/java-8-oracle/jre/bin/java
00600000-00601000 rw-p 00000000 08:14 10096191                           /usr/lib/jvm/java-8-oracle/jre/bin/java
01c16000-01c37000 rw-p 00000000 00:00 0                                  [heap]
6c7600000-6d1d00000 rw-p 00000000 00:00 0 
6d1d00000-76d200000 ---p 00000000 00:00 0 
76d200000-772500000 rw-p 00000000 00:00 0 
772500000-7c0000000 ---p 00000000 00:00 0 
7c0000000-7c0300000 rw-p 00000000 00:00 0 
7c0300000-800000000 ---p 00000000 00:00 0 
7fa2ec000000-7fa2ec021000 rw-p 00000000 00:00 0 
7fa2ec021000-7fa2f0000000 ---p 00000000 00:00 0 
7fa2f0000000-7fa2f02a4000 rw-p 00000000 00:00 0 
7fa2f02a4000-7fa2f4000000 ---p 00000000 00:00 0 
7fa2f702a000-7fa2f71ea000 rw-s 1028ee000 00:06 11733                     /dev/dri/card0
7fa2f71ea000-7fa2f73aa000 rw-s 00000000 00:05 820283                     /drm mm object (deleted)
7fa2f73aa000-7fa2f756a000 rw-p 00000000 00:00 0 
7fa2f756a000-7fa2f75aa000 ---p 00000000 00:00 0 
7fa2f75aa000-7fa2f77aa000 rw-p 00000000 00:00 0 
7fa2f77aa000-7fa2f7bfc000 r--p 00000000 08:14 9048691                    /usr/share/fonts/truetype/droid/DroidSansFallbackFull.ttf
7fa2f7bfc000-7fa2f7c00000 r-xp 00000000 08:14 10095947                   /usr/lib/jvm/java-8-oracle/jre/lib/amd64/libjavafx_font_pango.so
7fa2f7c00000-7fa2f7dff000 ---p 00004000 08:14 10095947                   /usr/lib/jvm/java-8-oracle/jre/lib/amd64/libjavafx_font_pango.so
7fa2f7dff000-7fa2f7e00000 rw-p 00003000 08:14 10095947                   /usr/lib/jvm/java-8-oracle/jre/lib/amd64/libjavafx_font_pango.so
7fa2f7e00000-7fa2f8000000 rw-p 00000000 00:00 0 
7fa2f8000000-7fa2f8703000 rw-p 00000000 00:00 0 
7fa2f8703000-7fa2fc000000 ---p 00000000 00:00 0 
7fa2fc000000-7fa2fc021000 rw-p 00000000 00:00 0 
7fa2fc021000-7fa300000000 ---p 00000000 00:00 0 
7fa300000000-7fa300021000 rw-p 00000000 00:00 0 
7fa300021000-7fa304000000 ---p 00000000 00:00 0 
7fa30409b000-7fa3040af000 rw-s 00000000 00:05 814075                     /drm mm object (deleted)
7fa3040af000-7fa3040bf000 rw-s 00000000 00:05 820343                     /drm mm object (deleted)
7fa3040bf000-7fa3040d3000 rw-s 00000000 00:05 819400                     /drm mm object (deleted)
7fa3040d3000-7fa3040e3000 rw-s 00000000 00:05 819399                     /drm mm object (deleted)
7fa3040e3000-7fa3040f7000 rw-s 00000000 00:05 819392                     /drm mm object (deleted)
7fa3040f7000-7fa304107000 rw-s 00000000 00:05 819375                     /drm mm object (deleted)
7fa304107000-7fa304137000 r-xp 00000000 08:14 8391171                    /usr/lib/x86_64-linux-gnu/gtk-2.0/2.10.0/engines/libmurrine.so
7fa304137000-7fa304337000 ---p 00030000 08:14 8391171                    /usr/lib/x86_64-linux-gnu/gtk-2.0/2.10.0/engines/libmurrine.so
7fa304337000-7fa304338000 r--p 00030000 08:14 8391171                    /usr/lib/x86_64-linux-gnu/gtk-2.0/2.10.0/engines/libmurrine.so
7fa304338000-7fa304339000 rw-p 00031000 08:14 8391171                    /usr/lib/x86_64-linux-gnu/gtk-2.0/2.10.0/engines/libmurrine.so
7fa304339000-7fa30433b000 r-xp 00000000 08:14 8391900                    /usr/lib/x86_64-linux-gnu/gtk-2.0/2.10.0/engines/libadwaita.so
7fa30433b000-7fa30453b000 ---p 00002000 08:14 8391900                    /usr/lib/x86_64-linux-gnu/gtk-2.0/2.10.0/engines/libadwaita.so
7fa30453b000-7fa30453c000 r--p 00002000 08:14 8391900                    /usr/lib/x86_64-linux-gnu/gtk-2.0/2.10.0/engines/libadwaita.so
7fa30453c000-7fa30453d000 rw-p 00003000 08:14 8391900                    /usr/lib/x86_64-linux-gnu/gtk-2.0/2.10.0/engines/libadwaita.so
7fa30453d000-7fa304547000 r-xp 00000000 08:14 8398495                    /usr/lib/x86_64-linux-gnu/gtk-2.0/2.10.0/engines/libpixmap.so
7fa304547000-7fa304746000 ---p 0000a000 08:14 8398495                    /usr/lib/x86_64-linux-gnu/gtk-2.0/2.10.0/engines/libpixmap.so
7fa304746000-7fa304747000 r--p 00009000 08:14 8398495                    /usr/lib/x86_64-linux-gnu/gtk-2.0/2.10.0/engines/libpixmap.so
7fa304747000-7fa304748000 rw-p 0000a000 08:14 8398495                    /usr/lib/x86_64-linux-gnu/gtk-2.0/2.10.0/engines/libpixmap.so
7fa304748000-7fa30474d000 r-xp 00000000 08:14 10095943                   /usr/lib/jvm/java-8-oracle/jre/lib/amd64/libjavafx_font_freetype.so
7fa30474d000-7fa30494c000 ---p 00005000 08:14 10095943                   /usr/lib/jvm/java-8-oracle/jre/lib/amd64/libjavafx_font_freetype.so
7fa30494c000-7fa30494d000 rw-p 00004000 08:14 10095943                   /usr/lib/jvm/java-8-oracle/jre/lib/amd64/libjavafx_font_freetype.so
7fa30494d000-7fa304950000 r-xp 00000000 08:14 10095905                   /usr/lib/jvm/java-8-oracle/jre/lib/amd64/libjavafx_font.so
7fa304950000-7fa304b4f000 ---p 00003000 08:14 10095905                   /usr/lib/jvm/java-8-oracle/jre/lib/amd64/libjavafx_font.so
7fa304b4f000-7fa304b50000 rw-p 00002000 08:14 10095905                   /usr/lib/jvm/java-8-oracle/jre/lib/amd64/libjavafx_font.so
7fa304b50000-7fa304d50000 rw-p 00000000 00:00 0 
7fa304d50000-7fa304d53000 ---p 00000000 00:00 0 
7fa304d53000-7fa305051000 rw-p 00000000 00:00 0 
7fa305051000-7fa305054000 ---p 00000000 00:00 0 
7fa305054000-7fa305152000 rw-p 00000000 00:00 0 
7fa305152000-7fa305163000 r-xp 00000000 08:14 10095935                   /usr/lib/jvm/java-8-oracle/jre/lib/amd64/libnio.so
7fa305163000-7fa305362000 ---p 00011000 08:14 10095935                   /usr/lib/jvm/java-8-oracle/jre/lib/amd64/libnio.so
7fa305362000-7fa305363000 rw-p 00010000 08:14 10095935                   /usr/lib/jvm/java-8-oracle/jre/lib/amd64/libnio.so
7fa305363000-7fa305379000 r-xp 00000000 08:14 10095910                   /usr/lib/jvm/java-8-oracle/jre/lib/amd64/libnet.so
7fa305379000-7fa305579000 ---p 00016000 08:14 10095910                   /usr/lib/jvm/java-8-oracle/jre/lib/amd64/libnet.so
7fa305579000-7fa30557a000 rw-p 00016000 08:14 10095910                   /usr/lib/jvm/java-8-oracle/jre/lib/amd64/libnet.so
7fa30557a000-7fa30557d000 ---p 00000000 00:00 0 
7fa30557d000-7fa30567b000 rw-p 00000000 00:00 0 
7fa30567b000-7fa3056a4000 r-xp 00000000 08:14 10095955                   /usr/lib/jvm/java-8-oracle/jre/lib/amd64/libglass.so
7fa3056a4000-7fa3058a3000 ---p 00029000 08:14 10095955                   /usr/lib/jvm/java-8-oracle/jre/lib/amd64/libglass.so
7fa3058a3000-7fa3058a6000 rw-p 00028000 08:14 10095955                   /usr/lib/jvm/java-8-oracle/jre/lib/amd64/libglass.so
7fa3058a6000-7fa3058dd000 r-xp 00000000 08:14 8126491                    /usr/lib/x86_64-linux-gnu/libtxc_dxtn_s2tc.so.0.0.0
7fa3058dd000-7fa305adc000 ---p 00037000 08:14 8126491                    /usr/lib/x86_64-linux-gnu/libtxc_dxtn_s2tc.so.0.0.0
7fa305adc000-7fa305add000 r--p 00036000 08:14 8126491                    /usr/lib/x86_64-linux-gnu/libtxc_dxtn_s2tc.so.0.0.0
7fa305add000-7fa305ade000 rw-p 00037000 08:14 8126491                    /usr/lib/x86_64-linux-gnu/libtxc_dxtn_s2tc.so.0.0.0
7fa305ade000-7fa305ae6000 r-xp 00000000 08:14 8139010                    /usr/lib/x86_64-linux-gnu/libpciaccess.so.0.11.1
7fa305ae6000-7fa305ce6000 ---p 00008000 08:14 8139010                    /usr/lib/x86_64-linux-gnu/libpciaccess.so.0.11.1
7fa305ce6000-7fa305ce7000 r--p 00008000 08:14 8139010                    /usr/lib/x86_64-linux-gnu/libpciaccess.so.0.11.1
7fa305ce7000-7fa305ce8000 rw-p 00009000 08:14 8139010                    /usr/lib/x86_64-linux-gnu/libpciaccess.so.0.11.1
7fa305ce8000-7fa305cf3000 r-xp 00000000 08:14 8131571                    /usr/lib/x86_64-linux-gnu/libdrm_radeon.so.1.0.1
7fa305cf3000-7fa305ef2000 ---p 0000b000 08:14 8131571                    /usr/lib/x86_64-linux-gnu/libdrm_radeon.so.1.0.1
7fa305ef2000-7fa305ef3000 r--p 0000a000 08:14 8131571                    /usr/lib/x86_64-linux-gnu/libdrm_radeon.so.1.0.1
7fa305ef3000-7fa305ef4000 rw-p 0000b000 08:14 8131571                    /usr/lib/x86_64-linux-gnu/libdrm_radeon.so.1.0.1
7fa305ef4000-7fa305efb000 r-xp 00000000 08:14 8131575                    /usr/lib/x86_64-linux-gnu/libdrm_nouveau.so.2.0.0
7fa305efb000-7fa3060fa000 ---p 00007000 08:14 8131575                    /usr/lib/x86_64-linux-gnu/libdrm_nouveau.so.2.0.0
7fa3060fa000-7fa3060fb000 r--p 00006000 08:14 8131575                    /usr/lib/x86_64-linux-gnu/libdrm_nouveau.so.2.0.0
7fa3060fb000-7fa3060fc000 rw-p 00007000 08:14 8131575                    /usr/lib/x86_64-linux-gnu/libdrm_nouveau.so.2.0.0
7fa3060fc000-7fa30611c000 r-xp 00000000 08:14 8131567                    /usr/lib/x86_64-linux-gnu/libdrm_intel.so.1.0.0
7fa30611c000-7fa30631b000 ---p 00020000 08:14 8131567                    /usr/lib/x86_64-linux-gnu/libdrm_intel.so.1.0.0
7fa30631b000-7fa30631c000 r--p 0001f000 08:14 8131567                    /usr/lib/x86_64-linux-gnu/libdrm_intel.so.1.0.0
7fa30631c000-7fa30631d000 rw-p 00020000 08:14 8131567                    /usr/lib/x86_64-linux-gnu/libdrm_intel.so.1.0.0
7fa30631d000-7fa306923000 r-xp 00000000 08:14 8391098                    /usr/lib/x86_64-linux-gnu/dri/i965_dri.so
7fa306923000-7fa306b22000 ---p 00606000 08:14 8391098                    /usr/lib/x86_64-linux-gnu/dri/i965_dri.so
7fa306b22000-7fa306b58000 r--p 00605000 08:14 8391098                    /usr/lib/x86_64-linux-gnu/dri/i965_dri.so
7fa306b58000-7fa306b5f000 rw-p 0063b000 08:14 8391098                    /usr/lib/x86_64-linux-gnu/dri/i965_dri.so
7fa306b5f000-7fa306b67000 rw-p 00000000 00:00 0 
7fa306b67000-7fa306b6e000 r-xp 00000000 08:14 8138245                    /usr/lib/x86_64-linux-gnu/libdatrie.so.1.3.3
7fa306b6e000-7fa306d6d000 ---p 00007000 08:14 8138245                    /usr/lib/x86_64-linux-gnu/libdatrie.so.1.3.3
7fa306d6d000-7fa306d6e000 r--p 00006000 08:14 8138245                    /usr/lib/x86_64-linux-gnu/libdatrie.so.1.3.3
7fa306d6e000-7fa306d6f000 rw-p 00007000 08:14 8138245                    /usr/lib/x86_64-linux-gnu/libdatrie.so.1.3.3
7fa306d6f000-7fa306d74000 r-xp 00000000 08:14 8138044                    /usr/lib/x86_64-linux-gnu/libXdmcp.so.6.0.0
7fa306d74000-7fa306f73000 ---p 00005000 08:14 8138044                    /usr/lib/x86_64-linux-gnu/libXdmcp.so.6.0.0
7fa306f73000-7fa306f74000 r--p 00004000 08:14 8138044                    /usr/lib/x86_64-linux-gnu/libXdmcp.so.6.0.0
7fa306f74000-7fa306f75000 rw-p 00005000 08:14 8138044                    /usr/lib/x86_64-linux-gnu/libXdmcp.so.6.0.0
7fa306f75000-7fa306f78000 r-xp 00000000 08:14 8138033                    /usr/lib/x86_64-linux-gnu/libXau.so.6.0.0
7fa306f78000-7fa307177000 ---p 00003000 08:14 8138033                    /usr/lib/x86_64-linux-gnu/libXau.so.6.0.0
7fa307177000-7fa307178000 r--p 00002000 08:14 8138033                    /usr/lib/x86_64-linux-gnu/libXau.so.6.0.0
7fa307178000-7fa307179000 rw-p 00003000 08:14 8138033                    /usr/lib/x86_64-linux-gnu/libXau.so.6.0.0
7fa307179000-7fa30719c000 r-xp 00000000 08:14 8138530                    /usr/lib/x86_64-linux-gnu/libgraphite2.so.3.0.1
7fa30719c000-7fa30739c000 ---p 00023000 08:14 8138530                    /usr/lib/x86_64-linux-gnu/libgraphite2.so.3.0.1
7fa30739c000-7fa30739e000 r--p 00023000 08:14 8138530                    /usr/lib/x86_64-linux-gnu/libgraphite2.so.3.0.1
7fa30739e000-7fa30739f000 rw-p 00025000 08:14 8138530                    /usr/lib/x86_64-linux-gnu/libgraphite2.so.3.0.1
7fa30739f000-7fa3073ad000 r-xp 00000000 08:14 8140580                    /usr/lib/x86_64-linux-gnu/libdrm.so.2.4.0
7fa3073ad000-7fa3075ac000 ---p 0000e000 08:14 8140580                    /usr/lib/x86_64-linux-gnu/libdrm.so.2.4.0
7fa3075ac000-7fa3075ad000 r--p 0000d000 08:14 8140580                    /usr/lib/x86_64-linux-gnu/libdrm.so.2.4.0
7fa3075ad000-7fa3075ae000 rw-p 0000e000 08:14 8140580                    /usr/lib/x86_64-linux-gnu/libdrm.so.2.4.0
7fa3075ae000-7fa3075b2000 r-xp 00000000 08:14 8139343                    /usr/lib/x86_64-linux-gnu/libxcb-dri2.so.0.0.0
7fa3075b2000-7fa3077b1000 ---p 00004000 08:14 8139343                    /usr/lib/x86_64-linux-gnu/libxcb-dri2.so.0.0.0
7fa3077b1000-7fa3077b2000 r--p 00003000 08:14 8139343                    /usr/lib/x86_64-linux-gnu/libxcb-dri2.so.0.0.0
7fa3077b2000-7fa3077b3000 rw-p 00004000 08:14 8139343                    /usr/lib/x86_64-linux-gnu/libxcb-dri2.so.0.0.0
7fa3077b3000-7fa3077ca000 r-xp 00000000 08:14 8139349                    /usr/lib/x86_64-linux-gnu/libxcb-glx.so.0.0.0
7fa3077ca000-7fa3079c9000 ---p 00017000 08:14 8139349                    /usr/lib/x86_64-linux-gnu/libxcb-glx.so.0.0.0
7fa3079c9000-7fa3079cb000 r--p 00016000 08:14 8139349                    /usr/lib/x86_64-linux-gnu/libxcb-glx.so.0.0.0
7fa3079cb000-7fa3079cc000 rw-p 00018000 08:14 8139349                    /usr/lib/x86_64-linux-gnu/libxcb-glx.so.0.0.0
7fa3079cc000-7fa3079cd000 r-xp 00000000 08:14 8138027                    /usr/lib/x86_64-linux-gnu/libX11-xcb.so.1.0.0
7fa3079cd000-7fa307bcc000 ---p 00001000 08:14 8138027                    /usr/lib/x86_64-linux-gnu/libX11-xcb.so.1.0.0
7fa307bcc000-7fa307bcd000 r--p 00000000 08:14 8138027                    /usr/lib/x86_64-linux-gnu/libX11-xcb.so.1.0.0
7fa307bcd000-7fa307bce000 rw-p 00001000 08:14 8138027                    /usr/lib/x86_64-linux-gnu/libX11-xcb.so.1.0.0
7fa307bce000-7fa307bf8000 r-xp 00000000 08:14 8131589                    /usr/lib/x86_64-linux-gnu/libglapi.so.0.0.0
7fa307bf8000-7fa307df7000 ---p 0002a000 08:14 8131589                    /usr/lib/x86_64-linux-gnu/libglapi.so.0.0.0
7fa307df7000-7fa307dfb000 r--p 00029000 08:14 8131589                    /usr/lib/x86_64-linux-gnu/libglapi.so.0.0.0
7fa307dfb000-7fa307dfc000 rw-p 0002d000 08:14 8131589                    /usr/lib/x86_64-linux-gnu/libglapi.so.0.0.0
7fa307dfc000-7fa307dfd000 rw-p 00000000 00:00 0 
7fa307dfd000-7fa307dfe000 r-xp 00000000 08:14 8139392                    /usr/lib/x86_64-linux-gnu/libxshmfence.so.1.0.0
7fa307dfe000-7fa307ffe000 ---p 00001000 08:14 8139392                    /usr/lib/x86_64-linux-gnu/libxshmfence.so.1.0.0
7fa307ffe000-7fa307fff000 r--p 00001000 08:14 8139392                    /usr/lib/x86_64-linux-gnu/libxshmfence.so.1.0.0
7fa307fff000-7fa308000000 rw-p 00002000 08:14 8139392                    /usr/lib/x86_64-linux-gnu/libxshmfence.so.1.0.0
7fa308000000-7fa308021000 rw-p 00000000 00:00 0 
7fa308021000-7fa30c000000 ---p 00000000 00:00 0 
7fa30c000000-7fa30df12000 rw-p 00000000 00:00 0 
7fa30df12000-7fa310000000 ---p 00000000 00:00 0 
7fa310000000-7fa31041a000 rw-p 00000000 00:00 0 
7fa31041a000-7fa314000000 ---p 00000000 00:00 0 
7fa314000000-7fa314021000 rw-p 00000000 00:00 0 
7fa314021000-7fa318000000 ---p 00000000 00:00 0 
7fa318000000-7fa3192c0000 rw-p 00000000 00:00 0 
7fa3192c0000-7fa31c000000 ---p 00000000 00:00 0 
7fa31c000000-7fa31d125000 rw-p 00000000 00:00 0 
7fa31d125000-7fa320000000 ---p 00000000 00:00 0 
7fa320000000-7fa320021000 rw-p 00000000 00:00 0 
7fa320021000-7fa324000000 ---p 00000000 00:00 0 
7fa324000000-7fa324021000 rw-p 00000000 00:00 0 
7fa324021000-7fa328000000 ---p 00000000 00:00 0 
7fa328000000-7fa328021000 rw-p 00000000 00:00 0 
7fa328021000-7fa32c000000 ---p 00000000 00:00 0 
7fa32c001000-7fa32c005000 rw-s 102aae000 00:06 11733                     /dev/dri/card0
7fa32c005000-7fa32c007000 rw-s 00000000 00:05 814057                     /drm mm object (deleted)
7fa32c007000-7fa32c00f000 rw-s 00000000 00:05 820282                     /drm mm object (deleted)
7fa32c017000-7fa32c077000 rw-s 00000000 00:05 820278                     /drm mm object (deleted)
7fa32c077000-7fa32c085000 rw-s 00000000 00:05 820277                     /drm mm object (deleted)
7fa32c085000-7fa32c095000 rw-s 00000000 00:05 820276                     /drm mm object (deleted)
7fa32c095000-7fa32c0a8000 r--s 00345000 08:14 10096140                   /usr/lib/jvm/java-8-oracle/jre/lib/resources.jar
7fa32c0a8000-7fa32c0ab000 ---p 00000000 00:00 0 
7fa32c0ab000-7fa32c1a9000 rw-p 00000000 00:00 0 
7fa32c1a9000-7fa32c1ae000 r-xp 00000000 08:14 8139369                    /usr/lib/x86_64-linux-gnu/libxcb-sync.so.1.0.0
7fa32c1ae000-7fa32c3ae000 ---p 00005000 08:14 8139369                    /usr/lib/x86_64-linux-gnu/libxcb-sync.so.1.0.0
7fa32c3ae000-7fa32c3af000 r--p 00005000 08:14 8139369                    /usr/lib/x86_64-linux-gnu/libxcb-sync.so.1.0.0
7fa32c3af000-7fa32c3b0000 rw-p 00006000 08:14 8139369                    /usr/lib/x86_64-linux-gnu/libxcb-sync.so.1.0.0
7fa32c3b0000-7fa334000000 rw-p 00000000 00:00 0 
7fa334000000-7fa334021000 rw-p 00000000 00:00 0 
7fa334021000-7fa338000000 ---p 00000000 00:00 0 
7fa338000000-7fa338021000 rw-p 00000000 00:00 0 
7fa338021000-7fa33c000000 ---p 00000000 00:00 0 
7fa33c000000-7fa33c021000 rw-p 00000000 00:00 0 
7fa33c021000-7fa340000000 ---p 00000000 00:00 0 
7fa340001000-7fa340003000 rw-s 00000000 00:05 820289                     /drm mm object (deleted)
7fa340003000-7fa34003f000 r--p 00000000 08:14 10096004                   /usr/lib/jvm/java-8-oracle/jre/lib/fonts/LucidaTypewriterRegular.ttf
7fa34003f000-7fa340079000 r--p 00000000 08:14 10096000                   /usr/lib/jvm/java-8-oracle/jre/lib/fonts/LucidaTypewriterBold.ttf
7fa340079000-7fa3400c7000 r--p 00000000 08:14 10096005                   /usr/lib/jvm/java-8-oracle/jre/lib/fonts/LucidaSansDemiBold.ttf
7fa3400c7000-7fa3400ca000 ---p 00000000 00:00 0 
7fa3400ca000-7fa3401c8000 rw-p 00000000 00:00 0 
7fa3401c8000-7fa3401ca000 r-xp 00000000 08:14 8139357                    /usr/lib/x86_64-linux-gnu/libxcb-present.so.0.0.0
7fa3401ca000-7fa3403c9000 ---p 00002000 08:14 8139357                    /usr/lib/x86_64-linux-gnu/libxcb-present.so.0.0.0
7fa3403c9000-7fa3403ca000 r--p 00001000 08:14 8139357                    /usr/lib/x86_64-linux-gnu/libxcb-present.so.0.0.0
7fa3403ca000-7fa3403cb000 rw-p 00002000 08:14 8139357                    /usr/lib/x86_64-linux-gnu/libxcb-present.so.0.0.0
7fa3403cb000-7fa3403cd000 r-xp 00000000 08:14 8139345                    /usr/lib/x86_64-linux-gnu/libxcb-dri3.so.0.0.0
7fa3403cd000-7fa3405cc000 ---p 00002000 08:14 8139345                    /usr/lib/x86_64-linux-gnu/libxcb-dri3.so.0.0.0
7fa3405cc000-7fa3405cd000 r--p 00001000 08:14 8139345                    /usr/lib/x86_64-linux-gnu/libxcb-dri3.so.0.0.0
7fa3405cd000-7fa3405ce000 rw-p 00002000 08:14 8139345                    /usr/lib/x86_64-linux-gnu/libxcb-dri3.so.0.0.0
7fa3405ce000-7fa34063f000 r-xp 00000000 08:14 4722159                    /lib/x86_64-linux-gnu/libpcre.so.3.13.3
7fa34063f000-7fa34083e000 ---p 00071000 08:14 4722159                    /lib/x86_64-linux-gnu/libpcre.so.3.13.3
7fa34083e000-7fa34083f000 r--p 00070000 08:14 4722159                    /lib/x86_64-linux-gnu/libpcre.so.3.13.3
7fa34083f000-7fa340840000 rw-p 00071000 08:14 4722159                    /lib/x86_64-linux-gnu/libpcre.so.3.13.3
7fa340840000-7fa340847000 r-xp 00000000 08:14 8138354                    /usr/lib/x86_64-linux-gnu/libffi.so.6.0.4
7fa340847000-7fa340a47000 ---p 00007000 08:14 8138354                    /usr/lib/x86_64-linux-gnu/libffi.so.6.0.4
7fa340a47000-7fa340a48000 r--p 00007000 08:14 8138354                    /usr/lib/x86_64-linux-gnu/libffi.so.6.0.4
7fa340a48000-7fa340a49000 rw-p 00008000 08:14 8138354                    /usr/lib/x86_64-linux-gnu/libffi.so.6.0.4
7fa340a49000-7fa340a70000 r-xp 00000000 08:14 4722269                    /lib/x86_64-linux-gnu/libexpat.so.1.6.2
7fa340a70000-7fa340c70000 ---p 00027000 08:14 4722269                    /lib/x86_64-linux-gnu/libexpat.so.1.6.2
7fa340c70000-7fa340c72000 r--p 00027000 08:14 4722269                    /lib/x86_64-linux-gnu/libexpat.so.1.6.2
7fa340c72000-7fa340c73000 rw-p 00029000 08:14 4722269                    /lib/x86_64-linux-gnu/libexpat.so.1.6.2
7fa340c73000-7fa340c7b000 r-xp 00000000 08:14 8129571                    /usr/lib/x86_64-linux-gnu/libthai.so.0.3.0
7fa340c7b000-7fa340e7b000 ---p 00008000 08:14 8129571                    /usr/lib/x86_64-linux-gnu/libthai.so.0.3.0
7fa340e7b000-7fa340e7c000 r--p 00008000 08:14 8129571                    /usr/lib/x86_64-linux-gnu/libthai.so.0.3.0
7fa340e7c000-7fa340e7d000 rw-p 00009000 08:14 8129571                    /usr/lib/x86_64-linux-gnu/libthai.so.0.3.0
7fa340e7d000-7fa340e9e000 r-xp 00000000 08:14 8139377                    /usr/lib/x86_64-linux-gnu/libxcb.so.1.1.0
7fa340e9e000-7fa34109d000 ---p 00021000 08:14 8139377                    /usr/lib/x86_64-linux-gnu/libxcb.so.1.1.0
7fa34109d000-7fa34109e000 r--p 00020000 08:14 8139377                    /usr/lib/x86_64-linux-gnu/libxcb.so.1.1.0
7fa34109e000-7fa34109f000 rw-p 00021000 08:14 8139377                    /usr/lib/x86_64-linux-gnu/libxcb.so.1.1.0
7fa34109f000-7fa3410a8000 r-xp 00000000 08:14 8139363                    /usr/lib/x86_64-linux-gnu/libxcb-render.so.0.0.0
7fa3410a8000-7fa3412a7000 ---p 00009000 08:14 8139363                    /usr/lib/x86_64-linux-gnu/libxcb-render.so.0.0.0
7fa3412a7000-7fa3412a8000 r--p 00008000 08:14 8139363                    /usr/lib/x86_64-linux-gnu/libxcb-render.so.0.0.0
7fa3412a8000-7fa3412a9000 rw-p 00009000 08:14 8139363                    /usr/lib/x86_64-linux-gnu/libxcb-render.so.0.0.0
7fa3412a9000-7fa3412ab000 r-xp 00000000 08:14 8139367                    /usr/lib/x86_64-linux-gnu/libxcb-shm.so.0.0.0
7fa3412ab000-7fa3414ab000 ---p 00002000 08:14 8139367                    /usr/lib/x86_64-linux-gnu/libxcb-shm.so.0.0.0
7fa3414ab000-7fa3414ac000 r--p 00002000 08:14 8139367                    /usr/lib/x86_64-linux-gnu/libxcb-shm.so.0.0.0
7fa3414ac000-7fa3414ad000 rw-p 00003000 08:14 8139367                    /usr/lib/x86_64-linux-gnu/libxcb-shm.so.0.0.0
7fa3414ad000-7fa34154d000 r-xp 00000000 08:14 8139036                    /usr/lib/x86_64-linux-gnu/libpixman-1.so.0.33.6
7fa34154d000-7fa34174c000 ---p 000a0000 08:14 8139036                    /usr/lib/x86_64-linux-gnu/libpixman-1.so.0.33.6
7fa34174c000-7fa341754000 r--p 0009f000 08:14 8139036                    /usr/lib/x86_64-linux-gnu/libpixman-1.so.0.33.6
7fa341754000-7fa341755000 rw-p 000a7000 08:14 8139036                    /usr/lib/x86_64-linux-gnu/libpixman-1.so.0.33.6
7fa341755000-7fa341786000 r-xp 00000000 08:14 8138624                    /usr/lib/x86_64-linux-gnu/libpng16.so.16.23.0
7fa341786000-7fa341986000 ---p 00031000 08:14 8138624                    /usr/lib/x86_64-linux-gnu/libpng16.so.16.23.0
7fa341986000-7fa341987000 r--p 00031000 08:14 8138624                    /usr/lib/x86_64-linux-gnu/libpng16.so.16.23.0
7fa341987000-7fa341988000 rw-p 00032000 08:14 8138624                    /usr/lib/x86_64-linux-gnu/libpng16.so.16.23.0
7fa341988000-7fa341a06000 r-xp 00000000 08:14 8140828                    /usr/lib/x86_64-linux-gnu/libharfbuzz.so.0.10200.7
7fa341a06000-7fa341c06000 ---p 0007e000 08:14 8140828                    /usr/lib/x86_64-linux-gnu/libharfbuzz.so.0.10200.7
7fa341c06000-7fa341c07000 r--p 0007e000 08:14 8140828                    /usr/lib/x86_64-linux-gnu/libharfbuzz.so.0.10200.7
7fa341c07000-7fa341c08000 rw-p 0007f000 08:14 8140828                    /usr/lib/x86_64-linux-gnu/libharfbuzz.so.0.10200.7
7fa341c08000-7fa341c1c000 r-xp 00000000 08:14 4719503                    /lib/x86_64-linux-gnu/libresolv-2.23.so
7fa341c1c000-7fa341e1b000 ---p 00014000 08:14 4719503                    /lib/x86_64-linux-gnu/libresolv-2.23.so
7fa341e1b000-7fa341e1c000 r--p 00013000 08:14 4719503                    /lib/x86_64-linux-gnu/libresolv-2.23.so
7fa341e1c000-7fa341e1d000 rw-p 00014000 08:14 4719503                    /lib/x86_64-linux-gnu/libresolv-2.23.so
7fa341e1d000-7fa341e1f000 rw-p 00000000 00:00 0 
7fa341e1f000-7fa341e43000 r-xp 00000000 08:14 4722248                    /lib/x86_64-linux-gnu/libselinux.so.1
7fa341e43000-7fa342042000 ---p 00024000 08:14 4722248                    /lib/x86_64-linux-gnu/libselinux.so.1
7fa342042000-7fa342043000 r--p 00023000 08:14 4722248                    /lib/x86_64-linux-gnu/libselinux.so.1
7fa342043000-7fa342044000 rw-p 00024000 08:14 4722248                    /lib/x86_64-linux-gnu/libselinux.so.1
7fa342044000-7fa342046000 rw-p 00000000 00:00 0 
7fa342046000-7fa342060000 r-xp 00000000 08:14 4722410                    /lib/x86_64-linux-gnu/libz.so.1.2.8
7fa342060000-7fa34225f000 ---p 0001a000 08:14 4722410                    /lib/x86_64-linux-gnu/libz.so.1.2.8
7fa34225f000-7fa342260000 r--p 00019000 08:14 4722410                    /lib/x86_64-linux-gnu/libz.so.1.2.8
7fa342260000-7fa342261000 rw-p 0001a000 08:14 4722410                    /lib/x86_64-linux-gnu/libz.so.1.2.8
7fa342261000-7fa342272000 r-xp 00000000 08:14 8138046                    /usr/lib/x86_64-linux-gnu/libXext.so.6.4.0
7fa342272000-7fa342471000 ---p 00011000 08:14 8138046                    /usr/lib/x86_64-linux-gnu/libXext.so.6.4.0
7fa342471000-7fa342472000 r--p 00010000 08:14 8138046                    /usr/lib/x86_64-linux-gnu/libXext.so.6.4.0
7fa342472000-7fa342473000 rw-p 00011000 08:14 8138046                    /usr/lib/x86_64-linux-gnu/libXext.so.6.4.0
7fa342473000-7fa34247d000 r-xp 00000000 08:14 8138040                    /usr/lib/x86_64-linux-gnu/libXcursor.so.1.0.2
7fa34247d000-7fa34267c000 ---p 0000a000 08:14 8138040                    /usr/lib/x86_64-linux-gnu/libXcursor.so.1.0.2
7fa34267c000-7fa34267d000 r--p 00009000 08:14 8138040                    /usr/lib/x86_64-linux-gnu/libXcursor.so.1.0.2
7fa34267d000-7fa34267e000 rw-p 0000a000 08:14 8138040                    /usr/lib/x86_64-linux-gnu/libXcursor.so.1.0.2
7fa34267e000-7fa342688000 r-xp 00000000 08:14 8138064                    /usr/lib/x86_64-linux-gnu/libXrandr.so.2.2.0
7fa342688000-7fa342887000 ---p 0000a000 08:14 8138064                    /usr/lib/x86_64-linux-gnu/libXrandr.so.2.2.0
7fa342887000-7fa342888000 r--p 00009000 08:14 8138064                    /usr/lib/x86_64-linux-gnu/libXrandr.so.2.2.0
7fa342888000-7fa342889000 rw-p 0000a000 08:14 8138064                    /usr/lib/x86_64-linux-gnu/libXrandr.so.2.2.0
7fa342889000-7fa342898000 r-xp 00000000 08:14 8138054                    /usr/lib/x86_64-linux-gnu/libXi.so.6.1.0
7fa342898000-7fa342a97000 ---p 0000f000 08:14 8138054                    /usr/lib/x86_64-linux-gnu/libXi.so.6.1.0
7fa342a97000-7fa342a98000 r--p 0000e000 08:14 8138054                    /usr/lib/x86_64-linux-gnu/libXi.so.6.1.0
7fa342a98000-7fa342a99000 rw-p 0000f000 08:14 8138054                    /usr/lib/x86_64-linux-gnu/libXi.so.6.1.0
7fa342a99000-7fa342a9b000 r-xp 00000000 08:14 8138056                    /usr/lib/x86_64-linux-gnu/libXinerama.so.1.0.0
7fa342a9b000-7fa342c9a000 ---p 00002000 08:14 8138056                    /usr/lib/x86_64-linux-gnu/libXinerama.so.1.0.0
7fa342c9a000-7fa342c9b000 r--p 00001000 08:14 8138056                    /usr/lib/x86_64-linux-gnu/libXinerama.so.1.0.0
7fa342c9b000-7fa342c9c000 rw-p 00002000 08:14 8138056                    /usr/lib/x86_64-linux-gnu/libXinerama.so.1.0.0
7fa342c9c000-7fa342ca5000 r-xp 00000000 08:14 8138066                    /usr/lib/x86_64-linux-gnu/libXrender.so.1.3.0
7fa342ca5000-7fa342ea4000 ---p 00009000 08:14 8138066                    /usr/lib/x86_64-linux-gnu/libXrender.so.1.3.0
7fa342ea4000-7fa342ea5000 r--p 00008000 08:14 8138066                    /usr/lib/x86_64-linux-gnu/libXrender.so.1.3.0
7fa342ea5000-7fa342ea6000 rw-p 00009000 08:14 8138066                    /usr/lib/x86_64-linux-gnu/libXrender.so.1.3.0
7fa342ea6000-7fa342eab000 r-xp 00000000 08:14 8140620                    /usr/lib/x86_64-linux-gnu/libXfixes.so.3.1.0
7fa342eab000-7fa3430aa000 ---p 00005000 08:14 8140620                    /usr/lib/x86_64-linux-gnu/libXfixes.so.3.1.0
7fa3430aa000-7fa3430ab000 r--p 00004000 08:14 8140620                    /usr/lib/x86_64-linux-gnu/libXfixes.so.3.1.0
7fa3430ab000-7fa3430ac000 rw-p 00005000 08:14 8140620                    /usr/lib/x86_64-linux-gnu/libXfixes.so.3.1.0
7fa3430ac000-7fa3430ae000 r-xp 00000000 08:14 8138042                    /usr/lib/x86_64-linux-gnu/libXdamage.so.1.1.0
7fa3430ae000-7fa3432ad000 ---p 00002000 08:14 8138042                    /usr/lib/x86_64-linux-gnu/libXdamage.so.1.1.0
7fa3432ad000-7fa3432ae000 r--p 00001000 08:14 8138042                    /usr/lib/x86_64-linux-gnu/libXdamage.so.1.1.0
7fa3432ae000-7fa3432af000 rw-p 00002000 08:14 8138042                    /usr/lib/x86_64-linux-gnu/libXdamage.so.1.1.0
7fa3432af000-7fa3432b1000 r-xp 00000000 08:14 8138038                    /usr/lib/x86_64-linux-gnu/libXcomposite.so.1.0.0
7fa3432b1000-7fa3434b0000 ---p 00002000 08:14 8138038                    /usr/lib/x86_64-linux-gnu/libXcomposite.so.1.0.0
7fa3434b0000-7fa3434b1000 r--p 00001000 08:14 8138038                    /usr/lib/x86_64-linux-gnu/libXcomposite.so.1.0.0
7fa3434b1000-7fa3434b2000 rw-p 00002000 08:14 8138038                    /usr/lib/x86_64-linux-gnu/libXcomposite.so.1.0.0
7fa3434b2000-7fa3434c8000 r-xp 00000000 08:14 4719402                    /lib/x86_64-linux-gnu/libgcc_s.so.1
7fa3434c8000-7fa3436c7000 ---p 00016000 08:14 4719402                    /lib/x86_64-linux-gnu/libgcc_s.so.1
7fa3436c7000-7fa3436c8000 rw-p 00015000 08:14 4719402                    /lib/x86_64-linux-gnu/libgcc_s.so.1
7fa3436c8000-7fa343839000 r-xp 00000000 08:14 8131883                    /usr/lib/x86_64-linux-gnu/libstdc++.so.6.0.22
7fa343839000-7fa343a39000 ---p 00171000 08:14 8131883                    /usr/lib/x86_64-linux-gnu/libstdc++.so.6.0.22
7fa343a39000-7fa343a43000 r--p 00171000 08:14 8131883                    /usr/lib/x86_64-linux-gnu/libstdc++.so.6.0.22
7fa343a43000-7fa343a45000 rw-p 0017b000 08:14 8131883                    /usr/lib/x86_64-linux-gnu/libstdc++.so.6.0.22
7fa343a45000-7fa343a49000 rw-p 00000000 00:00 0 
7fa343a49000-7fa343ab9000 r-xp 00000000 08:14 8137889                    /usr/lib/x86_64-linux-gnu/libGL.so.1.2.0
7fa343ab9000-7fa343cb8000 ---p 00070000 08:14 8137889                    /usr/lib/x86_64-linux-gnu/libGL.so.1.2.0
7fa343cb8000-7fa343cbb000 r--p 0006f000 08:14 8137889                    /usr/lib/x86_64-linux-gnu/libGL.so.1.2.0
7fa343cbb000-7fa343cbc000 rw-p 00072000 08:14 8137889                    /usr/lib/x86_64-linux-gnu/libGL.so.1.2.0
7fa343cbc000-7fa343cbd000 rw-p 00000000 00:00 0 
7fa343cbd000-7fa343df9000 r-xp 00000000 08:14 8138029                    /usr/lib/x86_64-linux-gnu/libX11.so.6.3.0
7fa343df9000-7fa343ff8000 ---p 0013c000 08:14 8138029                    /usr/lib/x86_64-linux-gnu/libX11.so.6.3.0
7fa343ff8000-7fa343ffa000 r--p 0013b000 08:14 8138029                    /usr/lib/x86_64-linux-gnu/libX11.so.6.3.0
7fa343ffa000-7fa343fff000 rw-p 0013d000 08:14 8138029                    /usr/lib/x86_64-linux-gnu/libX11.so.6.3.0
7fa343fff000-7fa344000000 rw-p 00000000 00:00 0 
7fa344000000-7fa344021000 rw-p 00000000 00:00 0 
7fa344021000-7fa348000000 ---p 00000000 00:00 0 
7fa348001000-7fa348014000 r--p 00000000 08:14 10095999                   /usr/lib/jvm/java-8-oracle/jre/lib/fonts/LucidaBrightDemiBold.ttf
7fa348014000-7fa3480bf000 r--p 00000000 08:14 10095998                   /usr/lib/jvm/java-8-oracle/jre/lib/fonts/LucidaSansRegular.ttf
7fa3480bf000-7fa3480c4000 r-xp 00000000 08:14 8138082                    /usr/lib/x86_64-linux-gnu/libXxf86vm.so.1.0.0
7fa3480c4000-7fa3482c3000 ---p 00005000 08:14 8138082                    /usr/lib/x86_64-linux-gnu/libXxf86vm.so.1.0.0
7fa3482c3000-7fa3482c4000 r--p 00004000 08:14 8138082                    /usr/lib/x86_64-linux-gnu/libXxf86vm.so.1.0.0
7fa3482c4000-7fa3482c5000 rw-p 00005000 08:14 8138082                    /usr/lib/x86_64-linux-gnu/libXxf86vm.so.1.0.0
7fa3482c5000-7fa3482ca000 r-xp 00000000 08:14 8138072                    /usr/lib/x86_64-linux-gnu/libXtst.so.6.1.0
7fa3482ca000-7fa3484c9000 ---p 00005000 08:14 8138072                    /usr/lib/x86_64-linux-gnu/libXtst.so.6.1.0
7fa3484c9000-7fa3484ca000 r--p 00004000 08:14 8138072                    /usr/lib/x86_64-linux-gnu/libXtst.so.6.1.0
7fa3484ca000-7fa3484cb000 rw-p 00005000 08:14 8138072                    /usr/lib/x86_64-linux-gnu/libXtst.so.6.1.0
7fa3484cb000-7fa3485d9000 r-xp 00000000 08:14 4722283                    /lib/x86_64-linux-gnu/libglib-2.0.so.0.4800.1
7fa3485d9000-7fa3487d9000 ---p 0010e000 08:14 4722283                    /lib/x86_64-linux-gnu/libglib-2.0.so.0.4800.1
7fa3487d9000-7fa3487da000 r--p 0010e000 08:14 4722283                    /lib/x86_64-linux-gnu/libglib-2.0.so.0.4800.1
7fa3487da000-7fa3487db000 rw-p 0010f000 08:14 4722283                    /lib/x86_64-linux-gnu/libglib-2.0.so.0.4800.1
7fa3487db000-7fa3487dc000 rw-p 00000000 00:00 0 
7fa3487dc000-7fa3487dd000 r-xp 00000000 08:14 8138653                    /usr/lib/x86_64-linux-gnu/libgthread-2.0.so.0.4800.1
7fa3487dd000-7fa3489dc000 ---p 00001000 08:14 8138653                    /usr/lib/x86_64-linux-gnu/libgthread-2.0.so.0.4800.1
7fa3489dc000-7fa3489dd000 r--p 00000000 08:14 8138653                    /usr/lib/x86_64-linux-gnu/libgthread-2.0.so.0.4800.1
7fa3489dd000-7fa3489de000 rw-p 00001000 08:14 8138653                    /usr/lib/x86_64-linux-gnu/libgthread-2.0.so.0.4800.1
7fa3489de000-7fa3489e1000 r-xp 00000000 08:14 8138479                    /usr/lib/x86_64-linux-gnu/libgmodule-2.0.so.0.4800.1
7fa3489e1000-7fa348be0000 ---p 00003000 08:14 8138479                    /usr/lib/x86_64-linux-gnu/libgmodule-2.0.so.0.4800.1
7fa348be0000-7fa348be1000 r--p 00002000 08:14 8138479                    /usr/lib/x86_64-linux-gnu/libgmodule-2.0.so.0.4800.1
7fa348be1000-7fa348be2000 rw-p 00003000 08:14 8138479                    /usr/lib/x86_64-linux-gnu/libgmodule-2.0.so.0.4800.1
7fa348be2000-7fa348c34000 r-xp 00000000 08:14 8138513                    /usr/lib/x86_64-linux-gnu/libgobject-2.0.so.0.4800.1
7fa348c34000-7fa348e33000 ---p 00052000 08:14 8138513                    /usr/lib/x86_64-linux-gnu/libgobject-2.0.so.0.4800.1
7fa348e33000-7fa348e34000 r--p 00051000 08:14 8138513                    /usr/lib/x86_64-linux-gnu/libgobject-2.0.so.0.4800.1
7fa348e34000-7fa348e35000 rw-p 00052000 08:14 8138513                    /usr/lib/x86_64-linux-gnu/libgobject-2.0.so.0.4800.1
7fa348e35000-7fa348e72000 r-xp 00000000 08:14 8138396                    /usr/lib/x86_64-linux-gnu/libfontconfig.so.1.8.0
7fa348e72000-7fa349071000 ---p 0003d000 08:14 8138396                    /usr/lib/x86_64-linux-gnu/libfontconfig.so.1.8.0
7fa349071000-7fa349073000 r--p 0003c000 08:14 8138396                    /usr/lib/x86_64-linux-gnu/libfontconfig.so.1.8.0
7fa349073000-7fa349074000 rw-p 0003e000 08:14 8138396                    /usr/lib/x86_64-linux-gnu/libfontconfig.so.1.8.0
7fa349074000-7fa349118000 r-xp 00000000 08:14 8138408                    /usr/lib/x86_64-linux-gnu/libfreetype.so.6.12.5
7fa349118000-7fa349318000 ---p 000a4000 08:14 8138408                    /usr/lib/x86_64-linux-gnu/libfreetype.so.6.12.5
7fa349318000-7fa34931e000 r--p 000a4000 08:14 8138408                    /usr/lib/x86_64-linux-gnu/libfreetype.so.6.12.5
7fa34931e000-7fa34931f000 rw-p 000aa000 08:14 8138408                    /usr/lib/x86_64-linux-gnu/libfreetype.so.6.12.5
7fa34931f000-7fa349368000 r-xp 00000000 08:14 8138994                    /usr/lib/x86_64-linux-gnu/libpango-1.0.so.0.4000.1
7fa349368000-7fa349568000 ---p 00049000 08:14 8138994                    /usr/lib/x86_64-linux-gnu/libpango-1.0.so.0.4000.1
7fa349568000-7fa34956a000 r--p 00049000 08:14 8138994                    /usr/lib/x86_64-linux-gnu/libpango-1.0.so.0.4000.1
7fa34956a000-7fa34956b000 rw-p 0004b000 08:14 8138994                    /usr/lib/x86_64-linux-gnu/libpango-1.0.so.0.4000.1
7fa34956b000-7fa349679000 r-xp 00000000 08:14 8138182                    /usr/lib/x86_64-linux-gnu/libcairo.so.2.11400.6
7fa349679000-7fa349879000 ---p 0010e000 08:14 8138182                    /usr/lib/x86_64-linux-gnu/libcairo.so.2.11400.6
7fa349879000-7fa34987c000 r--p 0010e000 08:14 8138182                    /usr/lib/x86_64-linux-gnu/libcairo.so.2.11400.6
7fa34987c000-7fa34987d000 rw-p 00111000 08:14 8138182                    /usr/lib/x86_64-linux-gnu/libcairo.so.2.11400.6
7fa34987d000-7fa34987f000 rw-p 00000000 00:00 0 
7fa34987f000-7fa34988b000 r-xp 00000000 08:14 8138996                    /usr/lib/x86_64-linux-gnu/libpangocairo-1.0.so.0.4000.1
7fa34988b000-7fa349a8a000 ---p 0000c000 08:14 8138996                    /usr/lib/x86_64-linux-gnu/libpangocairo-1.0.so.0.4000.1
7fa349a8a000-7fa349a8b000 r--p 0000b000 08:14 8138996                    /usr/lib/x86_64-linux-gnu/libpangocairo-1.0.so.0.4000.1
7fa349a8b000-7fa349a8c000 rw-p 0000c000 08:14 8138996                    /usr/lib/x86_64-linux-gnu/libpangocairo-1.0.so.0.4000.1
7fa349a8c000-7fa349aad000 r-xp 00000000 08:14 8138441                    /usr/lib/x86_64-linux-gnu/libgdk_pixbuf-2.0.so.0.3400.0
7fa349aad000-7fa349cac000 ---p 00021000 08:14 8138441                    /usr/lib/x86_64-linux-gnu/libgdk_pixbuf-2.0.so.0.3400.0
7fa349cac000-7fa349cad000 r--p 00020000 08:14 8138441                    /usr/lib/x86_64-linux-gnu/libgdk_pixbuf-2.0.so.0.3400.0
7fa349cad000-7fa349cae000 rw-p 00021000 08:14 8138441                    /usr/lib/x86_64-linux-gnu/libgdk_pixbuf-2.0.so.0.3400.0
7fa349cae000-7fa349cc2000 r-xp 00000000 08:14 8138998                    /usr/lib/x86_64-linux-gnu/libpangoft2-1.0.so.0.4000.1
7fa349cc2000-7fa349ec2000 ---p 00014000 08:14 8138998                    /usr/lib/x86_64-linux-gnu/libpangoft2-1.0.so.0.4000.1
7fa349ec2000-7fa349ec3000 r--p 00014000 08:14 8138998                    /usr/lib/x86_64-linux-gnu/libpangoft2-1.0.so.0.4000.1
7fa349ec3000-7fa349ec4000 rw-p 00015000 08:14 8138998                    /usr/lib/x86_64-linux-gnu/libpangoft2-1.0.so.0.4000.1
7fa349ec4000-7fa34a044000 r-xp 00000000 08:14 8138457                    /usr/lib/x86_64-linux-gnu/libgio-2.0.so.0.4800.1
7fa34a044000-7fa34a244000 ---p 00180000 08:14 8138457                    /usr/lib/x86_64-linux-gnu/libgio-2.0.so.0.4800.1
7fa34a244000-7fa34a248000 r--p 00180000 08:14 8138457                    /usr/lib/x86_64-linux-gnu/libgio-2.0.so.0.4800.1
7fa34a248000-7fa34a24a000 rw-p 00184000 08:14 8138457                    /usr/lib/x86_64-linux-gnu/libgio-2.0.so.0.4800.1
7fa34a24a000-7fa34a24c000 rw-p 00000000 00:00 0 
7fa34a24c000-7fa34a26f000 r-xp 00000000 08:14 8138119                    /usr/lib/x86_64-linux-gnu/libatk-1.0.so.0.22009.1
7fa34a26f000-7fa34a46e000 ---p 00023000 08:14 8138119                    /usr/lib/x86_64-linux-gnu/libatk-1.0.so.0.22009.1
7fa34a46e000-7fa34a471000 r--p 00022000 08:14 8138119                    /usr/lib/x86_64-linux-gnu/libatk-1.0.so.0.22009.1
7fa34a471000-7fa34a472000 rw-p 00025000 08:14 8138119                    /usr/lib/x86_64-linux-gnu/libatk-1.0.so.0.22009.1
7fa34a472000-7fa34a522000 r-xp 00000000 08:14 8140760                    /usr/lib/x86_64-linux-gnu/libgdk-x11-2.0.so.0.2400.30
7fa34a522000-7fa34a721000 ---p 000b0000 08:14 8140760                    /usr/lib/x86_64-linux-gnu/libgdk-x11-2.0.so.0.2400.30
7fa34a721000-7fa34a725000 r--p 000af000 08:14 8140760                    /usr/lib/x86_64-linux-gnu/libgdk-x11-2.0.so.0.2400.30
7fa34a725000-7fa34a727000 rw-p 000b3000 08:14 8140760                    /usr/lib/x86_64-linux-gnu/libgdk-x11-2.0.so.0.2400.30
7fa34a727000-7fa34ab64000 r-xp 00000000 08:14 8140761                    /usr/lib/x86_64-linux-gnu/libgtk-x11-2.0.so.0.2400.30
7fa34ab64000-7fa34ad64000 ---p 0043d000 08:14 8140761                    /usr/lib/x86_64-linux-gnu/libgtk-x11-2.0.so.0.2400.30
7fa34ad64000-7fa34ad6b000 r--p 0043d000 08:14 8140761                    /usr/lib/x86_64-linux-gnu/libgtk-x11-2.0.so.0.2400.30
7fa34ad6b000-7fa34ad6f000 rw-p 00444000 08:14 8140761                    /usr/lib/x86_64-linux-gnu/libgtk-x11-2.0.so.0.2400.30
7fa34ad6f000-7fa34ad72000 rw-p 00000000 00:00 0 
7fa34ad72000-7fa34ad7e000 r-xp 00000000 08:14 10095922                   /usr/lib/jvm/java-8-oracle/jre/lib/amd64/libprism_es2.so
7fa34ad7e000-7fa34af7d000 ---p 0000c000 08:14 10095922                   /usr/lib/jvm/java-8-oracle/jre/lib/amd64/libprism_es2.so
7fa34af7d000-7fa34af7e000 rw-p 0000b000 08:14 10095922                   /usr/lib/jvm/java-8-oracle/jre/lib/amd64/libprism_es2.so
7fa34af7e000-7fa34af81000 ---p 00000000 00:00 0 
7fa34af81000-7fa34b07f000 rw-p 00000000 00:00 0 
7fa34b07f000-7fa34b65f000 r--s 04fa9000 08:14 11538670                   /home/azzuwan/Projects/JavaFX/Jasonium/target/Jasonium-1.0-SNAPSHOT.jar
7fa34b65f000-7fa34b660000 ---p 00000000 00:00 0 
7fa34b660000-7fa34b760000 rw-p 00000000 00:00 0 
7fa34b760000-7fa34b763000 ---p 00000000 00:00 0 
7fa34b763000-7fa34b861000 rw-p 00000000 00:00 0 
7fa34b861000-7fa34b864000 ---p 00000000 00:00 0 
7fa34b864000-7fa34b962000 rw-p 00000000 00:00 0 
7fa34b962000-7fa34b965000 ---p 00000000 00:00 0 
7fa34b965000-7fa34ba63000 rw-p 00000000 00:00 0 
7fa34ba63000-7fa34ba66000 ---p 00000000 00:00 0 
7fa34ba66000-7fa34bb64000 rw-p 00000000 00:00 0 
7fa34bb64000-7fa34bb67000 ---p 00000000 00:00 0 
7fa34bb67000-7fa34bc65000 rw-p 00000000 00:00 0 
7fa34bc65000-7fa34bdfe000 r--p 00000000 08:14 8126628                    /usr/lib/locale/locale-archive
7fa34bdfe000-7fa34be01000 ---p 00000000 00:00 0 
7fa34be01000-7fa34beff000 rw-p 00000000 00:00 0 
7fa34beff000-7fa34bf02000 ---p 00000000 00:00 0 
7fa34bf02000-7fa34c000000 rw-p 00000000 00:00 0 
7fa34c000000-7fa34c021000 rw-p 00000000 00:00 0 
7fa34c021000-7fa350000000 ---p 00000000 00:00 0 
7fa350000000-7fa350002000 rw-s 00000000 00:05 820288                     /drm mm object (deleted)
7fa350002000-7fa350004000 rw-s 00000000 00:05 820287                     /drm mm object (deleted)
7fa350004000-7fa350006000 rw-s 00000000 00:05 820286                     /drm mm object (deleted)
7fa350006000-7fa350012000 rw-s 00000000 00:05 820258                     /drm mm object (deleted)
7fa350012000-7fa350025000 r--p 00000000 08:14 10096006                   /usr/lib/jvm/java-8-oracle/jre/lib/fonts/LucidaBrightDemiItalic.ttf
7fa350025000-7fa35007a000 r--p 00000000 08:14 10096001                   /usr/lib/jvm/java-8-oracle/jre/lib/fonts/LucidaBrightRegular.ttf
7fa35007a000-7fa35008e000 r--p 00000000 08:14 10096002                   /usr/lib/jvm/java-8-oracle/jre/lib/fonts/LucidaBrightItalic.ttf
7fa35008e000-7fa350093000 r--s 00084000 08:14 10096009                   /usr/lib/jvm/java-8-oracle/jre/lib/jfr.jar
7fa350093000-7fa350099000 r--s 00000000 08:14 4991175                    /var/cache/fontconfig/5ef789526576b282f5c99df106bd6265-le64.cache-4
7fa350099000-7fa3500a4000 r--s 00000000 08:14 4991221                    /var/cache/fontconfig/945677eb7aeaf62f1d50efc3fb3ec7d8-le64.cache-4
7fa3500a4000-7fa3500a8000 r--s 00000000 08:14 4993335                    /var/cache/fontconfig/de156ccd2eddbdc19d37a45b8b2aac9c-le64.cache-4
7fa3500a8000-7fa3500ad000 r--s 00000000 08:14 4991558                    /var/cache/fontconfig/8801497958630a81b71ace7c5f9b32a8-le64.cache-4
7fa3500ad000-7fa3500b1000 r--s 00000000 08:14 4993554                    /var/cache/fontconfig/c57959a16110560c8d0fcea73374aeeb-le64.cache-4
7fa3500b1000-7fa3500b8000 r--s 00000000 08:14 4991465                    /var/cache/fontconfig/3047814df9a2f067bd2d96a2b9c36e5a-le64.cache-4
7fa3500b8000-7fa3500c0000 r--s 00000000 08:14 4991360                    /var/cache/fontconfig/bf3b770c553c462765856025a94f1ce6-le64.cache-4
7fa3500c0000-7fa3500d3000 r--s 00000000 08:14 4994928                    /var/cache/fontconfig/d52a8644073d54c13679302ca1180695-le64.cache-4
7fa3500d3000-7fa3500dd000 r--s 00000000 08:14 4991359                    /var/cache/fontconfig/3f7329c5293ffd510edef78f73874cfd-le64.cache-4
7fa3500dd000-7fa3500ea000 r--s 00000000 08:14 4991211                    /var/cache/fontconfig/e13b20fdb08344e0e664864cc2ede53d-le64.cache-4
7fa3500ea000-7fa3500f1000 r--s 00000000 08:14 4981911                    /var/cache/fontconfig/7ef2298fde41cc6eeb7af42e48b7d293-le64.cache-4
7fa3500f1000-7fa3500f2000 ---p 00000000 00:00 0 
7fa3500f2000-7fa351000000 rw-p 00000000 00:00 0 
7fa351000000-7fa351810000 rwxp 00000000 00:00 0 
7fa351810000-7fa360000000 ---p 00000000 00:00 0 
7fa360000000-7fa3605e3000 rw-p 00000000 00:00 0 
7fa3605e3000-7fa364000000 ---p 00000000 00:00 0 
7fa364000000-7fa364001000 rw-s 00000000 00:05 820267                     /drm mm object (deleted)
7fa364001000-7fa364005000 r--s 00000000 08:14 4981907                    /var/cache/fontconfig/d589a48862398ed80a3d6066f4f56f4c-le64.cache-4
7fa364005000-7fa36400c000 r--s 00000000 08:14 4993333                    /var/cache/fontconfig/65bbde0e182a25e0b4cb4261b6d48093-le64.cache-4
7fa36400c000-7fa364014000 rw-s 00000000 00:05 820342                     /drm mm object (deleted)
7fa364014000-7fa3640aa000 r--s 01103000 08:14 10095986                   /usr/lib/jvm/java-8-oracle/jre/lib/ext/jfxrt.jar
7fa3640aa000-7fa3641fa000 rw-p 00000000 00:00 0 
7fa3641fa000-7fa3643d2000 r--s 03d2a000 08:14 10095902                   /usr/lib/jvm/java-8-oracle/jre/lib/rt.jar
7fa3643d2000-7fa36540d000 rw-p 00000000 00:00 0 
7fa36540d000-7fa36540e000 ---p 00000000 00:00 0 
7fa36540e000-7fa36550e000 rw-p 00000000 00:00 0 
7fa36550e000-7fa36550f000 ---p 00000000 00:00 0 
7fa36550f000-7fa36560f000 rw-p 00000000 00:00 0 
7fa36560f000-7fa365610000 ---p 00000000 00:00 0 
7fa365610000-7fa365710000 rw-p 00000000 00:00 0 
7fa365710000-7fa365711000 ---p 00000000 00:00 0 
7fa365711000-7fa365865000 rw-p 00000000 00:00 0 
7fa365865000-7fa365d3f000 ---p 00000000 00:00 0 
7fa365d3f000-7fa365d93000 rw-p 00000000 00:00 0 
7fa365d93000-7fa36626d000 ---p 00000000 00:00 0 
7fa36626d000-7fa366297000 rw-p 00000000 00:00 0 
7fa366297000-7fa366504000 ---p 00000000 00:00 0 
7fa366504000-7fa366526000 rw-p 00000000 00:00 0 
7fa366526000-7fa3668c5000 ---p 00000000 00:00 0 
7fa3668c5000-7fa3668df000 r-xp 00000000 08:14 10095933                   /usr/lib/jvm/java-8-oracle/jre/lib/amd64/libzip.so
7fa3668df000-7fa366adf000 ---p 0001a000 08:14 10095933                   /usr/lib/jvm/java-8-oracle/jre/lib/amd64/libzip.so
7fa366adf000-7fa366ae0000 rw-p 0001a000 08:14 10095933                   /usr/lib/jvm/java-8-oracle/jre/lib/amd64/libzip.so
7fa366ae0000-7fa366aeb000 r-xp 00000000 08:14 4719497                    /lib/x86_64-linux-gnu/libnss_files-2.23.so
7fa366aeb000-7fa366cea000 ---p 0000b000 08:14 4719497                    /lib/x86_64-linux-gnu/libnss_files-2.23.so
7fa366cea000-7fa366ceb000 r--p 0000a000 08:14 4719497                    /lib/x86_64-linux-gnu/libnss_files-2.23.so
7fa366ceb000-7fa366cec000 rw-p 0000b000 08:14 4719497                    /lib/x86_64-linux-gnu/libnss_files-2.23.so
7fa366cec000-7fa366cf2000 rw-p 00000000 00:00 0 
7fa366cf2000-7fa366cfd000 r-xp 00000000 08:14 4719499                    /lib/x86_64-linux-gnu/libnss_nis-2.23.so
7fa366cfd000-7fa366efc000 ---p 0000b000 08:14 4719499                    /lib/x86_64-linux-gnu/libnss_nis-2.23.so
7fa366efc000-7fa366efd000 r--p 0000a000 08:14 4719499                    /lib/x86_64-linux-gnu/libnss_nis-2.23.so
7fa366efd000-7fa366efe000 rw-p 0000b000 08:14 4719499                    /lib/x86_64-linux-gnu/libnss_nis-2.23.so
7fa366efe000-7fa366f13000 r-xp 00000000 08:14 4719494                    /lib/x86_64-linux-gnu/libnsl-2.23.so
7fa366f13000-7fa367112000 ---p 00015000 08:14 4719494                    /lib/x86_64-linux-gnu/libnsl-2.23.so
7fa367112000-7fa367113000 r--p 00014000 08:14 4719494                    /lib/x86_64-linux-gnu/libnsl-2.23.so
7fa367113000-7fa367114000 rw-p 00015000 08:14 4719494                    /lib/x86_64-linux-gnu/libnsl-2.23.so
7fa367114000-7fa367116000 rw-p 00000000 00:00 0 
7fa367116000-7fa36711d000 r-xp 00000000 08:14 4719495                    /lib/x86_64-linux-gnu/libnss_compat-2.23.so
7fa36711d000-7fa36731c000 ---p 00007000 08:14 4719495                    /lib/x86_64-linux-gnu/libnss_compat-2.23.so
7fa36731c000-7fa36731d000 r--p 00006000 08:14 4719495                    /lib/x86_64-linux-gnu/libnss_compat-2.23.so
7fa36731d000-7fa36731e000 rw-p 00007000 08:14 4719495                    /lib/x86_64-linux-gnu/libnss_compat-2.23.so
7fa36731e000-7fa367349000 r-xp 00000000 08:14 10095960                   /usr/lib/jvm/java-8-oracle/jre/lib/amd64/libjava.so
7fa367349000-7fa367548000 ---p 0002b000 08:14 10095960                   /usr/lib/jvm/java-8-oracle/jre/lib/amd64/libjava.so
7fa367548000-7fa36754a000 rw-p 0002a000 08:14 10095960                   /usr/lib/jvm/java-8-oracle/jre/lib/amd64/libjava.so
7fa36754a000-7fa367557000 r-xp 00000000 08:14 10095911                   /usr/lib/jvm/java-8-oracle/jre/lib/amd64/libverify.so
7fa367557000-7fa367756000 ---p 0000d000 08:14 10095911                   /usr/lib/jvm/java-8-oracle/jre/lib/amd64/libverify.so
7fa367756000-7fa367758000 rw-p 0000c000 08:14 10095911                   /usr/lib/jvm/java-8-oracle/jre/lib/amd64/libverify.so
7fa367758000-7fa36775f000 r-xp 00000000 08:14 4719504                    /lib/x86_64-linux-gnu/librt-2.23.so
7fa36775f000-7fa36795e000 ---p 00007000 08:14 4719504                    /lib/x86_64-linux-gnu/librt-2.23.so
7fa36795e000-7fa36795f000 r--p 00006000 08:14 4719504                    /lib/x86_64-linux-gnu/librt-2.23.so
7fa36795f000-7fa367960000 rw-p 00007000 08:14 4719504                    /lib/x86_64-linux-gnu/librt-2.23.so
7fa367960000-7fa367a64000 r-xp 00000000 08:14 4719491                    /lib/x86_64-linux-gnu/libm-2.23.so
7fa367a64000-7fa367c63000 ---p 00104000 08:14 4719491                    /lib/x86_64-linux-gnu/libm-2.23.so
7fa367c63000-7fa367c64000 r--p 00103000 08:14 4719491                    /lib/x86_64-linux-gnu/libm-2.23.so
7fa367c64000-7fa367c65000 rw-p 00104000 08:14 4719491                    /lib/x86_64-linux-gnu/libm-2.23.so
7fa367c65000-7fa368932000 r-xp 00000000 08:14 10095964                   /usr/lib/jvm/java-8-oracle/jre/lib/amd64/server/libjvm.so
7fa368932000-7fa368b31000 ---p 00ccd000 08:14 10095964                   /usr/lib/jvm/java-8-oracle/jre/lib/amd64/server/libjvm.so
7fa368b31000-7fa368c0a000 rw-p 00ccc000 08:14 10095964                   /usr/lib/jvm/java-8-oracle/jre/lib/amd64/server/libjvm.so
7fa368c0a000-7fa368c55000 rw-p 00000000 00:00 0 
7fa368c55000-7fa368dec000 r-xp 00000000 08:14 4719487                    /lib/x86_64-linux-gnu/libc-2.23.so
7fa368dec000-7fa368fec000 ---p 00197000 08:14 4719487                    /lib/x86_64-linux-gnu/libc-2.23.so
7fa368fec000-7fa368ff0000 r--p 00197000 08:14 4719487                    /lib/x86_64-linux-gnu/libc-2.23.so
7fa368ff0000-7fa368ff2000 rw-p 0019b000 08:14 4719487                    /lib/x86_64-linux-gnu/libc-2.23.so
7fa368ff2000-7fa368ff6000 rw-p 00000000 00:00 0 
7fa368ff6000-7fa368ff8000 r-xp 00000000 08:14 4719490                    /lib/x86_64-linux-gnu/libdl-2.23.so
7fa368ff8000-7fa3691f8000 ---p 00002000 08:14 4719490                    /lib/x86_64-linux-gnu/libdl-2.23.so
7fa3691f8000-7fa3691f9000 r--p 00002000 08:14 4719490                    /lib/x86_64-linux-gnu/libdl-2.23.so
7fa3691f9000-7fa3691fa000 rw-p 00003000 08:14 4719490                    /lib/x86_64-linux-gnu/libdl-2.23.so
7fa3691fa000-7fa36920f000 r-xp 00000000 08:14 10095949                   /usr/lib/jvm/java-8-oracle/jre/lib/amd64/jli/libjli.so
7fa36920f000-7fa36940f000 ---p 00015000 08:14 10095949                   /usr/lib/jvm/java-8-oracle/jre/lib/amd64/jli/libjli.so
7fa36940f000-7fa369410000 rw-p 00015000 08:14 10095949                   /usr/lib/jvm/java-8-oracle/jre/lib/amd64/jli/libjli.so
7fa369410000-7fa369428000 r-xp 00000000 08:14 4719502                    /lib/x86_64-linux-gnu/libpthread-2.23.so
7fa369428000-7fa369627000 ---p 00018000 08:14 4719502                    /lib/x86_64-linux-gnu/libpthread-2.23.so
7fa369627000-7fa369628000 r--p 00017000 08:14 4719502                    /lib/x86_64-linux-gnu/libpthread-2.23.so
7fa369628000-7fa369629000 rw-p 00018000 08:14 4719502                    /lib/x86_64-linux-gnu/libpthread-2.23.so
7fa369629000-7fa36962d000 rw-p 00000000 00:00 0 
7fa36962d000-7fa369651000 r-xp 00000000 08:14 4719483                    /lib/x86_64-linux-gnu/ld-2.23.so
7fa369653000-7fa369654000 r--s 00000000 08:14 4991468                    /var/cache/fontconfig/16c2fda60d1b4b719f4b3d06fd951d25-le64.cache-4
7fa369654000-7fa369656000 r--s 00000000 08:14 4991350                    /var/cache/fontconfig/47e67d79d01846c7b6efd6b4f03a6092-le64.cache-4
7fa369656000-7fa36965e000 rw-s 00000000 00:05 820248                     /drm mm object (deleted)
7fa36965e000-7fa369666000 rw-s 00000000 00:05 820237                     /drm mm object (deleted)
7fa369666000-7fa36966e000 rw-s 00000000 00:05 820232                     /drm mm object (deleted)
7fa36966e000-7fa369717000 rw-p 00000000 00:00 0 
7fa369717000-7fa36971a000 ---p 00000000 00:00 0 
7fa36971a000-7fa36981c000 rw-p 00000000 00:00 0 
7fa36981c000-7fa369821000 r--s 00000000 08:14 4991345                    /var/cache/fontconfig/0fec9d563b5ce2c38843b3f145bf69b6-le64.cache-4
7fa369821000-7fa369822000 rw-s 00000000 00:05 820234                     /drm mm object (deleted)
7fa369823000-7fa369841000 r-xp 00000000 08:14 4719454                    /lib/x86_64-linux-gnu/libudev.so.1.6.5
7fa369841000-7fa369842000 ---p 0001e000 08:14 4719454                    /lib/x86_64-linux-gnu/libudev.so.1.6.5
7fa369842000-7fa369843000 r--p 0001e000 08:14 4719454                    /lib/x86_64-linux-gnu/libudev.so.1.6.5
7fa369843000-7fa369844000 rw-p 0001f000 08:14 4719454                    /lib/x86_64-linux-gnu/libudev.so.1.6.5
7fa369844000-7fa36984c000 rw-s 00000000 08:14 7602280                    /tmp/hsperfdata_azzuwan/26350
7fa36984c000-7fa36984d000 rw-p 00000000 00:00 0 
7fa36984d000-7fa36984e000 r--p 00000000 00:00 0 
7fa36984e000-7fa369850000 rw-p 00000000 00:00 0 
7fa369850000-7fa369851000 r--p 00023000 08:14 4719483                    /lib/x86_64-linux-gnu/ld-2.23.so
7fa369851000-7fa369852000 rw-p 00024000 08:14 4719483                    /lib/x86_64-linux-gnu/ld-2.23.so
7fa369852000-7fa369853000 rw-p 00000000 00:00 0 
7ffcaa671000-7ffcaa694000 rw-p 00000000 00:00 0                          [stack]
7ffcaa778000-7ffcaa77a000 r--p 00000000 00:00 0                          [vvar]
7ffcaa77a000-7ffcaa77c000 r-xp 00000000 00:00 0                          [vdso]
ffffffffff600000-ffffffffff601000 r-xp 00000000 00:00 0                  [vsyscall]

VM Arguments:
jvm_args: -Dawt.useSystemAAFontSettings=gasp 
java_command: /home/azzuwan/Projects/JavaFX/Jasonium/target/Jasonium-1.0-SNAPSHOT.jar
java_class_path (initial): /home/azzuwan/Projects/JavaFX/Jasonium/target/Jasonium-1.0-SNAPSHOT.jar
Launcher Type: SUN_STANDARD

Environment Variables:
JAVA_HOME=/usr/lib/jvm/java-8-oracle
_JAVA_OPTIONS=  -Dawt.useSystemAAFontSettings=gasp
CLASSPATH=:/home/azzuwan/Frameworks/vertx/lib
PATH=/home/azzuwan/.nvm/versions/node/v6.2.0/bin:/home/azzuwan/bin:/usr/local/bin:/usr/bin:/bin:/usr/local/games:/usr/games:/usr/lib/jvm/java-8-oracle/bin:/usr/lib/jvm/java-8-oracle/db/bin:/usr/lib/jvm/java-8-oracle/jre/bin:/usr/local/go/bin:/home/azzuwan/lib/go/bin:/home/azzuwan/.cache/rebar3/bin:/home/azzuwan/Frameworks/vertx/bin:/home/azzuwan/.rvm/bin:/home/azzuwan/.rvm/bin
LD_LIBRARY_PATH=/usr/lib/jvm/java-8-oracle/jre/lib/amd64:/usr/lib/jvm/java-8-oracle/jre/lib/i386:
SHELL=/bin/bash
DISPLAY=:0

Signal Handlers:
SIGSEGV: [libjvm.so+0xac64b0], sa_mask[0]=11111111011111111101111111111110, sa_flags=SA_RESTART|SA_SIGINFO
SIGBUS: [libjvm.so+0xac64b0], sa_mask[0]=11111111011111111101111111111110, sa_flags=SA_RESTART|SA_SIGINFO
SIGFPE: [libjvm.so+0x91f950], sa_mask[0]=11111111011111111101111111111110, sa_flags=SA_RESTART|SA_SIGINFO
SIGPIPE: SIG_IGN, sa_mask[0]=00000000000010000000000000000000, sa_flags=SA_RESTART
SIGXFSZ: [libjvm.so+0x91f950], sa_mask[0]=11111111011111111101111111111110, sa_flags=SA_RESTART|SA_SIGINFO
SIGILL: [libjvm.so+0x91f950], sa_mask[0]=11111111011111111101111111111110, sa_flags=SA_RESTART|SA_SIGINFO
SIGUSR1: SIG_DFL, sa_mask[0]=00000000000000000000000000000000, sa_flags=none
SIGUSR2: [libjvm.so+0x920f80], sa_mask[0]=00100000000000000000000000000000, sa_flags=SA_RESTART|SA_SIGINFO
SIGHUP: [libjvm.so+0x922380], sa_mask[0]=11111111011111111101111111111110, sa_flags=SA_RESTART|SA_SIGINFO
SIGINT: SIG_IGN, sa_mask[0]=00000000000000000000000000000000, sa_flags=none
SIGTERM: [libjvm.so+0x922380], sa_mask[0]=11111111011111111101111111111110, sa_flags=SA_RESTART|SA_SIGINFO
SIGQUIT: [libjvm.so+0x922380], sa_mask[0]=11111111011111111101111111111110, sa_flags=SA_RESTART|SA_SIGINFO


---------------  S Y S T E M  ---------------

OS:DISTRIB_ID=Deepin
DISTRIB_RELEASE=15.3
DISTRIB_DESCRIPTION="Deepin 15.3 "
DISTRIB_CODENAME=unstable

uname:Linux 4.4.0-3-deepin-amd64 #1 SMP Deepin 4.4.30-2 (2016-12-01) x86_64
libc:glibc 2.23 NPTL 2.23 
rlimit: STACK 8192k, CORE 0k, NPROC 63246, NOFILE 65536, AS infinity
load average:1.42 1.59 1.19

/proc/meminfo:
MemTotal:       16289068 kB
MemFree:         1527716 kB
MemAvailable:    7957080 kB
Buffers:          340192 kB
Cached:          6920580 kB
SwapCached:            0 kB
Active:          9551812 kB
Inactive:        4503224 kB
Active(anon):    6796596 kB
Inactive(anon):   995992 kB
Active(file):    2755216 kB
Inactive(file):  3507232 kB
Unevictable:         504 kB
Mlocked:             504 kB
SwapTotal:             0 kB
SwapFree:              0 kB
Dirty:             23752 kB
Writeback:             0 kB
AnonPages:       6794896 kB
Mapped:          1682356 kB
Shmem:            998220 kB
Slab:             490912 kB
SReclaimable:     420332 kB
SUnreclaim:        70580 kB
KernelStack:       20960 kB
PageTables:        88412 kB
NFS_Unstable:          0 kB
Bounce:                0 kB
WritebackTmp:          0 kB
CommitLimit:     8144532 kB
Committed_AS:   20056292 kB
VmallocTotal:   34359738367 kB
VmallocUsed:           0 kB
VmallocChunk:          0 kB
HardwareCorrupted:     0 kB
AnonHugePages:         0 kB
HugePages_Total:       0
HugePages_Free:        0
HugePages_Rsvd:        0
HugePages_Surp:        0
Hugepagesize:       2048 kB
DirectMap4k:      276472 kB
DirectMap2M:    16353280 kB


CPU:total 4 (2 cores per cpu, 2 threads per core) family 6 model 58 stepping 9, cmov, cx8, fxsr, mmx, sse, sse2, sse3, ssse3, sse4.1, sse4.2, popcnt, avx, aes, clmul, erms, ht, tsc, tscinvbit, tscinv

/proc/cpuinfo:
processor	: 0
vendor_id	: GenuineIntel
cpu family	: 6
model		: 58
model name	: Intel(R) Core(TM) i5-3230M CPU @ 2.60GHz
stepping	: 9
microcode	: 0x17
cpu MHz		: 1700.000
cache size	: 3072 KB
physical id	: 0
siblings	: 4
core id		: 0
cpu cores	: 2
apicid		: 0
initial apicid	: 0
fpu		: yes
fpu_exception	: yes
cpuid level	: 13
wp		: yes
flags		: fpu vme de pse tsc msr pae mce cx8 apic sep mtrr pge mca cmov pat pse36 clflush dts acpi mmx fxsr sse sse2 ss ht tm pbe syscall nx rdtscp lm constant_tsc arch_perfmon pebs bts rep_good nopl xtopology nonstop_tsc aperfmperf eagerfpu pni pclmulqdq dtes64 monitor ds_cpl vmx est tm2 ssse3 cx16 xtpr pdcm pcid sse4_1 sse4_2 x2apic popcnt tsc_deadline_timer aes xsave avx f16c rdrand lahf_lm ida arat epb pln pts dtherm tpr_shadow vnmi flexpriority ept vpid fsgsbase smep erms xsaveopt
bugs		:
bogomips	: 5188.04
clflush size	: 64
cache_alignment	: 64
address sizes	: 36 bits physical, 48 bits virtual
power management:

processor	: 1
vendor_id	: GenuineIntel
cpu family	: 6
model		: 58
model name	: Intel(R) Core(TM) i5-3230M CPU @ 2.60GHz
stepping	: 9
microcode	: 0x17
cpu MHz		: 1800.000
cache size	: 3072 KB
physical id	: 0
siblings	: 4
core id		: 0
cpu cores	: 2
apicid		: 1
initial apicid	: 1
fpu		: yes
fpu_exception	: yes
cpuid level	: 13
wp		: yes
flags		: fpu vme de pse tsc msr pae mce cx8 apic sep mtrr pge mca cmov pat pse36 clflush dts acpi mmx fxsr sse sse2 ss ht tm pbe syscall nx rdtscp lm constant_tsc arch_perfmon pebs bts rep_good nopl xtopology nonstop_tsc aperfmperf eagerfpu pni pclmulqdq dtes64 monitor ds_cpl vmx est tm2 ssse3 cx16 xtpr pdcm pcid sse4_1 sse4_2 x2apic popcnt tsc_deadline_timer aes xsave avx f16c rdrand lahf_lm ida arat epb pln pts dtherm tpr_shadow vnmi flexpriority ept vpid fsgsbase smep erms xsaveopt
bugs		:
bogomips	: 5188.04
clflush size	: 64
cache_alignment	: 64
address sizes	: 36 bits physical, 48 bits virtual
power management:

processor	: 2
vendor_id	: GenuineIntel
cpu family	: 6
model		: 58
model name	: Intel(R) Core(TM) i5-3230M CPU @ 2.60GHz
stepping	: 9
microcode	: 0x17
cpu MHz		: 1600.000
cache size	: 3072 KB
physical id	: 0
siblings	: 4
core id		: 1
cpu cores	: 2
apicid		: 2
initial apicid	: 2
fpu		: yes
fpu_exception	: yes
cpuid level	: 13
wp		: yes
flags		: fpu vme de pse tsc msr pae mce cx8 apic sep mtrr pge mca cmov pat pse36 clflush dts acpi mmx fxsr sse sse2 ss ht tm pbe syscall nx rdtscp lm constant_tsc arch_perfmon pebs bts rep_good nopl xtopology nonstop_tsc aperfmperf eagerfpu pni pclmulqdq dtes64 monitor ds_cpl vmx est tm2 ssse3 cx16 xtpr pdcm pcid sse4_1 sse4_2 x2apic popcnt tsc_deadline_timer aes xsave avx f16c rdrand lahf_lm ida arat epb pln pts dtherm tpr_shadow vnmi flexpriority ept vpid fsgsbase smep erms xsaveopt
bugs		:
bogomips	: 5188.04
clflush size	: 64
cache_alignment	: 64
address sizes	: 36 bits physical, 48 bits virtual
power management:

processor	: 3
vendor_id	: GenuineIntel
cpu family	: 6
model		: 58
model name	: Intel(R) Core(TM) i5-3230M CPU @ 2.60GHz
stepping	: 9
microcode	: 0x17
cpu MHz		: 2601.000
cache size	: 3072 KB
physical id	: 0
siblings	: 4
core id		: 1
cpu cores	: 2
apicid		: 3
initial apicid	: 3
fpu		: yes
fpu_exception	: yes
cpuid level	: 13
wp		: yes
flags		: fpu vme de pse tsc msr pae mce cx8 apic sep mtrr pge mca cmov pat pse36 clflush dts acpi mmx fxsr sse sse2 ss ht tm pbe syscall nx rdtscp lm constant_tsc arch_perfmon pebs bts rep_good nopl xtopology nonstop_tsc aperfmperf eagerfpu pni pclmulqdq dtes64 monitor ds_cpl vmx est tm2 ssse3 cx16 xtpr pdcm pcid sse4_1 sse4_2 x2apic popcnt tsc_deadline_timer aes xsave avx f16c rdrand lahf_lm ida arat epb pln pts dtherm tpr_shadow vnmi flexpriority ept vpid fsgsbase smep erms xsaveopt
bugs		:
bogomips	: 5188.04
clflush size	: 64
cache_alignment	: 64
address sizes	: 36 bits physical, 48 bits virtual
power management:



Memory: 4k page, physical 16289068k(1527716k free), swap 0k(0k free)

vm_info: Java HotSpot(TM) 64-Bit Server VM (25.111-b14) for linux-amd64 JRE (1.8.0_111-b14), built on Sep 22 2016 16:14:03 by "java_re" with gcc 4.3.0 20080428 (Red Hat 4.3.0-8)

time: Wed Feb  1 04:59:44 2017
elapsed time: 94 seconds (0d 0h 1m 34s)

